<?xml version="1.0" encoding="UTF-8"?>
<robot generator="Robot 7.0 (Python 3.12.2 on win32)" generated="2024-04-11T12:59:49.898995" rpa="false" schemaversion="5">
<suite id="s1" name="Tests" source="D:\Users\maril\OneDrive\Área de Trabalho\QA\qa coders\TQA-T11\Academy\Sprints\Automation\robot-front-academy\tests">
<suite id="s1-s1" name="cadastrarDiretoria" source="D:\Users\maril\OneDrive\Área de Trabalho\QA\qa coders\TQA-T11\Academy\Sprints\Automation\robot-front-academy\tests\cadastrarDiretoria.robot">
<test id="s1-s1-t1" name="CT01 - Cadastrar diretoria com sucesso" line="6">
<kw name="Dado que o usuário está logado" owner="cadastrarDiretoria_page">
<kw name="Acessar o site e logar" owner="setup_teardown">
<kw name="Dado que o usuário acessa a página de login QaCoders Academy" owner="login_page">
<kw name="Acessar site" owner="setup_teardown">
<kw name="Open Browser" owner="SeleniumLibrary">
<msg time="2024-04-11T12:59:50.648335" level="INFO">Opening browser 'chrome' to base url 'https://automacao.qacoders-academy.com.br/login'.</msg>
<arg>${geral.URL}</arg>
<arg>${geral.Browser}</arg>
<doc>Opens a new browser instance to the optional ``url``.</doc>
<status status="PASS" start="2024-04-11T12:59:50.647338" elapsed="3.264488"/>
</kw>
<kw name="Maximize Browser Window" owner="SeleniumLibrary">
<doc>Maximizes current browser window.</doc>
<status status="PASS" start="2024-04-11T12:59:53.911826" elapsed="0.136561"/>
</kw>
<status status="PASS" start="2024-04-11T12:59:50.646337" elapsed="3.402050"/>
</kw>
<status status="PASS" start="2024-04-11T12:59:50.646337" elapsed="3.403057"/>
</kw>
<kw name="Quando inserir email" owner="login_page">
<kw name="Preencher" owner="setup_teardown">
<kw name="Wait Until Element Is Visible" owner="SeleniumLibrary">
<arg>${locator}</arg>
<arg>5</arg>
<doc>Waits until the element ``locator`` is visible.</doc>
<status status="PASS" start="2024-04-11T12:59:54.053478" elapsed="0.093850"/>
</kw>
<kw name="Input Text" owner="SeleniumLibrary">
<msg time="2024-04-11T12:59:54.149320" level="INFO">Typing text 'sysadmin@qacoders.com' into text field 'id=email'.</msg>
<arg>${locator}</arg>
<arg>${variavel}</arg>
<doc>Types the given ``text`` into the text field identified by ``locator``.</doc>
<status status="PASS" start="2024-04-11T12:59:54.147328" elapsed="0.426182"/>
</kw>
<arg>${emailInput}</arg>
<arg>${email}</arg>
<status status="PASS" start="2024-04-11T12:59:54.051387" elapsed="0.522123"/>
</kw>
<arg>${EMAIl}</arg>
<status status="PASS" start="2024-04-11T12:59:54.050393" elapsed="0.523117"/>
</kw>
<kw name="E inserir senha" owner="login_page">
<kw name="Preencher" owner="setup_teardown">
<kw name="Wait Until Element Is Visible" owner="SeleniumLibrary">
<arg>${locator}</arg>
<arg>5</arg>
<doc>Waits until the element ``locator`` is visible.</doc>
<status status="PASS" start="2024-04-11T12:59:54.575512" elapsed="0.045142"/>
</kw>
<kw name="Input Text" owner="SeleniumLibrary">
<msg time="2024-04-11T12:59:54.621651" level="INFO">Typing text '1234@Test' into text field 'id=password'.</msg>
<arg>${locator}</arg>
<arg>${variavel}</arg>
<doc>Types the given ``text`` into the text field identified by ``locator``.</doc>
<status status="PASS" start="2024-04-11T12:59:54.621651" elapsed="0.192895"/>
</kw>
<arg>${senhaInput}</arg>
<arg>${senha}</arg>
<status status="PASS" start="2024-04-11T12:59:54.575512" elapsed="0.239034"/>
</kw>
<arg>${SENHA}</arg>
<status status="PASS" start="2024-04-11T12:59:54.574513" elapsed="0.241038"/>
</kw>
<kw name="E clicar em entrar" owner="login_page">
<kw name="Clicar" owner="setup_teardown">
<kw name="Wait Until Element Is Visible" owner="SeleniumLibrary">
<arg>${locator}</arg>
<arg>5</arg>
<doc>Waits until the element ``locator`` is visible.</doc>
<status status="PASS" start="2024-04-11T12:59:54.816548" elapsed="0.039644"/>
</kw>
<kw name="Click Element" owner="SeleniumLibrary">
<msg time="2024-04-11T12:59:54.857189" level="INFO">Clicking element 'id=login'.</msg>
<arg>${locator}</arg>
<doc>Click the element identified by ``locator``.</doc>
<status status="PASS" start="2024-04-11T12:59:54.857189" elapsed="0.105295"/>
</kw>
<arg>${entrarButton}</arg>
<status status="PASS" start="2024-04-11T12:59:54.815551" elapsed="0.146933"/>
</kw>
<status status="PASS" start="2024-04-11T12:59:54.815551" elapsed="0.146933"/>
</kw>
<kw name="Então o sistema exibe a tela home do sistema" owner="login_page">
<kw name="Validar mensagem" owner="setup_teardown">
<kw name="Wait Until Element Is Visible" owner="SeleniumLibrary">
<arg>${locator}</arg>
<arg>5</arg>
<doc>Waits until the element ``locator`` is visible.</doc>
<status status="PASS" start="2024-04-11T12:59:54.964487" elapsed="0.695928"/>
</kw>
<kw name="Element Text Should Be" owner="SeleniumLibrary">
<msg time="2024-04-11T12:59:55.661415" level="INFO">Verifying element '//button[@class="css-1nvbq2d"]' contains exact text 'Logout'.</msg>
<arg>${locator}</arg>
<arg>${texto}</arg>
<doc>Verifies that element ``locator`` contains exact the text ``expected``.</doc>
<status status="PASS" start="2024-04-11T12:59:55.661415" elapsed="0.028919"/>
</kw>
<arg>${logoutButton}</arg>
<arg>Logout</arg>
<status status="PASS" start="2024-04-11T12:59:54.963487" elapsed="0.726847"/>
</kw>
<kw name="Validar mensagem" owner="setup_teardown">
<kw name="Wait Until Element Is Visible" owner="SeleniumLibrary">
<arg>${locator}</arg>
<arg>5</arg>
<doc>Waits until the element ``locator`` is visible.</doc>
<status status="PASS" start="2024-04-11T12:59:55.691332" elapsed="0.033353"/>
</kw>
<kw name="Element Text Should Be" owner="SeleniumLibrary">
<msg time="2024-04-11T12:59:55.725694" level="INFO">Verifying element 'id=Cadastros' contains exact text 'Cadastros'.</msg>
<arg>${locator}</arg>
<arg>${texto}</arg>
<doc>Verifies that element ``locator`` contains exact the text ``expected``.</doc>
<status status="PASS" start="2024-04-11T12:59:55.725694" elapsed="0.029011"/>
</kw>
<arg>${cadastroButton}</arg>
<arg>Cadastros</arg>
<status status="PASS" start="2024-04-11T12:59:55.690334" elapsed="0.064371"/>
</kw>
<kw name="Validar URL" owner="setup_teardown">
<kw name="Location Should Be" owner="SeleniumLibrary">
<msg time="2024-04-11T12:59:55.762706" level="INFO">Current location is 'https://automacao.qacoders-academy.com.br/home'.</msg>
<arg>${url}</arg>
<doc>Verifies that the current URL is exactly ``url``.</doc>
<status status="PASS" start="2024-04-11T12:59:55.755705" elapsed="0.007001"/>
</kw>
<arg>${homeURL}</arg>
<status status="PASS" start="2024-04-11T12:59:55.754705" elapsed="0.008001"/>
</kw>
<status status="PASS" start="2024-04-11T12:59:54.963487" elapsed="0.799219"/>
</kw>
<status status="PASS" start="2024-04-11T12:59:50.646337" elapsed="5.116369"/>
</kw>
<status status="PASS" start="2024-04-11T12:59:50.645291" elapsed="5.117415"/>
</kw>
<kw name="Fechar navegador" owner="setup_teardown" type="TEARDOWN">
<kw name="Close Browser" owner="SeleniumLibrary">
<doc>Closes the current browser.</doc>
<status status="PASS" start="2024-04-11T12:59:55.764706" elapsed="2.265569"/>
</kw>
<status status="PASS" start="2024-04-11T12:59:55.763702" elapsed="2.266573"/>
</kw>
<status status="PASS" start="2024-04-11T12:59:50.645291" elapsed="7.386126"/>
</test>
<status status="PASS" start="2024-04-11T12:59:49.923969" elapsed="8.109770"/>
</suite>
<suite id="s1-s2" name="cadastroUsuario" source="D:\Users\maril\OneDrive\Área de Trabalho\QA\qa coders\TQA-T11\Academy\Sprints\Automation\robot-front-academy\tests\cadastroUsuario.robot">
<test id="s1-s2-t1" name="CT01 - Cadastrar usuário com sucesso" line="6">
<kw name="Dado que o usuário está logado na QaCoders academy" owner="cadastrarUsuarios_page">
<kw name="Acessar o site e logar" owner="setup_teardown">
<kw name="Dado que o usuário acessa a página de login QaCoders Academy" owner="login_page">
<kw name="Acessar site" owner="setup_teardown">
<kw name="Open Browser" owner="SeleniumLibrary">
<msg time="2024-04-11T12:59:58.057315" level="INFO">Opening browser 'chrome' to base url 'https://automacao.qacoders-academy.com.br/login'.</msg>
<arg>${geral.URL}</arg>
<arg>${geral.Browser}</arg>
<doc>Opens a new browser instance to the optional ``url``.</doc>
<status status="PASS" start="2024-04-11T12:59:58.056319" elapsed="3.021160"/>
</kw>
<kw name="Maximize Browser Window" owner="SeleniumLibrary">
<doc>Maximizes current browser window.</doc>
<status status="PASS" start="2024-04-11T13:00:01.078497" elapsed="0.154974"/>
</kw>
<status status="PASS" start="2024-04-11T12:59:58.055285" elapsed="3.179187"/>
</kw>
<status status="PASS" start="2024-04-11T12:59:58.054267" elapsed="3.180205"/>
</kw>
<kw name="Quando inserir email" owner="login_page">
<kw name="Preencher" owner="setup_teardown">
<kw name="Wait Until Element Is Visible" owner="SeleniumLibrary">
<arg>${locator}</arg>
<arg>5</arg>
<doc>Waits until the element ``locator`` is visible.</doc>
<status status="PASS" start="2024-04-11T13:00:01.238477" elapsed="0.099343"/>
</kw>
<kw name="Input Text" owner="SeleniumLibrary">
<msg time="2024-04-11T13:00:01.339820" level="INFO">Typing text 'sysadmin@qacoders.com' into text field 'id=email'.</msg>
<arg>${locator}</arg>
<arg>${variavel}</arg>
<doc>Types the given ``text`` into the text field identified by ``locator``.</doc>
<status status="PASS" start="2024-04-11T13:00:01.338826" elapsed="0.654185"/>
</kw>
<arg>${emailInput}</arg>
<arg>${email}</arg>
<status status="PASS" start="2024-04-11T13:00:01.237471" elapsed="0.756539"/>
</kw>
<arg>${EMAIl}</arg>
<status status="PASS" start="2024-04-11T13:00:01.235471" elapsed="0.758539"/>
</kw>
<kw name="E inserir senha" owner="login_page">
<kw name="Preencher" owner="setup_teardown">
<kw name="Wait Until Element Is Visible" owner="SeleniumLibrary">
<arg>${locator}</arg>
<arg>5</arg>
<doc>Waits until the element ``locator`` is visible.</doc>
<status status="PASS" start="2024-04-11T13:00:01.997014" elapsed="0.099178"/>
</kw>
<kw name="Input Text" owner="SeleniumLibrary">
<msg time="2024-04-11T13:00:02.097714" level="INFO">Typing text '1234@Test' into text field 'id=password'.</msg>
<arg>${locator}</arg>
<arg>${variavel}</arg>
<doc>Types the given ``text`` into the text field identified by ``locator``.</doc>
<status status="PASS" start="2024-04-11T13:00:02.097186" elapsed="0.300515"/>
</kw>
<arg>${senhaInput}</arg>
<arg>${senha}</arg>
<status status="PASS" start="2024-04-11T13:00:01.996013" elapsed="0.401688"/>
</kw>
<arg>${SENHA}</arg>
<status status="PASS" start="2024-04-11T13:00:01.995010" elapsed="0.402691"/>
</kw>
<kw name="E clicar em entrar" owner="login_page">
<kw name="Clicar" owner="setup_teardown">
<kw name="Wait Until Element Is Visible" owner="SeleniumLibrary">
<arg>${locator}</arg>
<arg>5</arg>
<doc>Waits until the element ``locator`` is visible.</doc>
<status status="PASS" start="2024-04-11T13:00:02.400697" elapsed="0.081203"/>
</kw>
<kw name="Click Element" owner="SeleniumLibrary">
<msg time="2024-04-11T13:00:02.482908" level="INFO">Clicking element 'id=login'.</msg>
<arg>${locator}</arg>
<doc>Click the element identified by ``locator``.</doc>
<status status="PASS" start="2024-04-11T13:00:02.481900" elapsed="0.175109"/>
</kw>
<arg>${entrarButton}</arg>
<status status="PASS" start="2024-04-11T13:00:02.399697" elapsed="0.257312"/>
</kw>
<status status="PASS" start="2024-04-11T13:00:02.398688" elapsed="0.259324"/>
</kw>
<kw name="Então o sistema exibe a tela home do sistema" owner="login_page">
<kw name="Validar mensagem" owner="setup_teardown">
<kw name="Wait Until Element Is Visible" owner="SeleniumLibrary">
<arg>${locator}</arg>
<arg>5</arg>
<doc>Waits until the element ``locator`` is visible.</doc>
<status status="PASS" start="2024-04-11T13:00:02.662017" elapsed="0.713302"/>
</kw>
<kw name="Element Text Should Be" owner="SeleniumLibrary">
<msg time="2024-04-11T13:00:03.375319" level="INFO">Verifying element '//button[@class="css-1nvbq2d"]' contains exact text 'Logout'.</msg>
<arg>${locator}</arg>
<arg>${texto}</arg>
<doc>Verifies that element ``locator`` contains exact the text ``expected``.</doc>
<status status="PASS" start="2024-04-11T13:00:03.375319" elapsed="0.035221"/>
</kw>
<arg>${logoutButton}</arg>
<arg>Logout</arg>
<status status="PASS" start="2024-04-11T13:00:02.660016" elapsed="0.750524"/>
</kw>
<kw name="Validar mensagem" owner="setup_teardown">
<kw name="Wait Until Element Is Visible" owner="SeleniumLibrary">
<arg>${locator}</arg>
<arg>5</arg>
<doc>Waits until the element ``locator`` is visible.</doc>
<status status="PASS" start="2024-04-11T13:00:03.411577" elapsed="0.033727"/>
</kw>
<kw name="Element Text Should Be" owner="SeleniumLibrary">
<msg time="2024-04-11T13:00:03.446304" level="INFO">Verifying element 'id=Cadastros' contains exact text 'Cadastros'.</msg>
<arg>${locator}</arg>
<arg>${texto}</arg>
<doc>Verifies that element ``locator`` contains exact the text ``expected``.</doc>
<status status="PASS" start="2024-04-11T13:00:03.446304" elapsed="0.028036"/>
</kw>
<arg>${cadastroButton}</arg>
<arg>Cadastros</arg>
<status status="PASS" start="2024-04-11T13:00:03.410540" elapsed="0.063800"/>
</kw>
<kw name="Validar URL" owner="setup_teardown">
<kw name="Location Should Be" owner="SeleniumLibrary">
<msg time="2024-04-11T13:00:03.482956" level="INFO">Current location is 'https://automacao.qacoders-academy.com.br/home'.</msg>
<arg>${url}</arg>
<doc>Verifies that the current URL is exactly ``url``.</doc>
<status status="PASS" start="2024-04-11T13:00:03.475338" elapsed="0.008660"/>
</kw>
<arg>${homeURL}</arg>
<status status="PASS" start="2024-04-11T13:00:03.475338" elapsed="0.008660"/>
</kw>
<status status="PASS" start="2024-04-11T13:00:02.658012" elapsed="0.825986"/>
</kw>
<status status="PASS" start="2024-04-11T12:59:58.054267" elapsed="5.429731"/>
</kw>
<status status="PASS" start="2024-04-11T12:59:58.053267" elapsed="5.430731"/>
</kw>
<kw name="Quando acessar a tela de cadastro de usuários" owner="cadastrarUsuarios_page">
<kw name="Clicar" owner="setup_teardown">
<kw name="Wait Until Element Is Visible" owner="SeleniumLibrary">
<arg>${locator}</arg>
<arg>5</arg>
<doc>Waits until the element ``locator`` is visible.</doc>
<status status="PASS" start="2024-04-11T13:00:03.485991" elapsed="0.027007"/>
</kw>
<kw name="Click Element" owner="SeleniumLibrary">
<msg time="2024-04-11T13:00:03.514059" level="INFO">Clicking element 'id=Cadastros'.</msg>
<arg>${locator}</arg>
<doc>Click the element identified by ``locator``.</doc>
<status status="PASS" start="2024-04-11T13:00:03.514059" elapsed="0.084159"/>
</kw>
<arg>${cadastroButton}</arg>
<status status="PASS" start="2024-04-11T13:00:03.484957" elapsed="0.113261"/>
</kw>
<kw name="Clicar" owner="setup_teardown">
<kw name="Wait Until Element Is Visible" owner="SeleniumLibrary">
<arg>${locator}</arg>
<arg>5</arg>
<doc>Waits until the element ``locator`` is visible.</doc>
<status status="PASS" start="2024-04-11T13:00:03.599228" elapsed="0.038850"/>
</kw>
<kw name="Click Element" owner="SeleniumLibrary">
<msg time="2024-04-11T13:00:03.639114" level="INFO">Clicking element '//span[@class='MuiTypography-root MuiTypography-body1 MuiListItemText-primary css-yb0lig'][contains(.,'Usuários')]'.</msg>
<arg>${locator}</arg>
<doc>Click the element identified by ``locator``.</doc>
<status status="PASS" start="2024-04-11T13:00:03.638078" elapsed="0.088348"/>
</kw>
<arg>${usuariosButton}</arg>
<status status="PASS" start="2024-04-11T13:00:03.598218" elapsed="0.129209"/>
</kw>
<kw name="Clicar" owner="setup_teardown">
<kw name="Wait Until Element Is Visible" owner="SeleniumLibrary">
<arg>${locator}</arg>
<arg>5</arg>
<doc>Waits until the element ``locator`` is visible.</doc>
<status status="PASS" start="2024-04-11T13:00:03.728425" elapsed="0.256169"/>
</kw>
<kw name="Click Element" owner="SeleniumLibrary">
<msg time="2024-04-11T13:00:03.985634" level="INFO">Clicking element 'id=Novo Cadastro'.</msg>
<arg>${locator}</arg>
<doc>Click the element identified by ``locator``.</doc>
<status status="PASS" start="2024-04-11T13:00:03.985634" elapsed="0.150799"/>
</kw>
<arg>${novoCadastroButton}</arg>
<status status="PASS" start="2024-04-11T13:00:03.727427" elapsed="0.410002"/>
</kw>
<kw name="Wait Until Page Contains" owner="SeleniumLibrary">
<arg>Novo Cadastro</arg>
<doc>Waits until ``text`` appears on the current page.</doc>
<status status="PASS" start="2024-04-11T13:00:04.137429" elapsed="0.045033"/>
</kw>
<status status="PASS" start="2024-04-11T13:00:03.484957" elapsed="0.697505"/>
</kw>
<kw name="E inserir nome completo" owner="cadastrarUsuarios_page">
<kw name="First Name" owner="FakerLibrary">
<msg time="2024-04-11T13:00:04.186993" level="INFO">${NOME} = Mirella</msg>
<var>${NOME}</var>
<status status="PASS" start="2024-04-11T13:00:04.184995" elapsed="0.001998"/>
</kw>
<kw name="Preencher" owner="setup_teardown">
<kw name="Wait Until Element Is Visible" owner="SeleniumLibrary">
<arg>${locator}</arg>
<arg>5</arg>
<doc>Waits until the element ``locator`` is visible.</doc>
<status status="PASS" start="2024-04-11T13:00:04.190998" elapsed="0.150117"/>
</kw>
<kw name="Input Text" owner="SeleniumLibrary">
<msg time="2024-04-11T13:00:04.342119" level="INFO">Typing text 'Mirella Silva' into text field 'id=fullName'.</msg>
<arg>${locator}</arg>
<arg>${variavel}</arg>
<doc>Types the given ``text`` into the text field identified by ``locator``.</doc>
<status status="PASS" start="2024-04-11T13:00:04.342119" elapsed="0.380904"/>
</kw>
<arg>${nomeInput}</arg>
<arg>${NOME} Silva</arg>
<status status="PASS" start="2024-04-11T13:00:04.187992" elapsed="0.535031"/>
</kw>
<status status="PASS" start="2024-04-11T13:00:04.183977" elapsed="0.539046"/>
</kw>
<kw name="E inserir e-mail" owner="cadastrarUsuarios_page">
<kw name="User Name" owner="FakerLibrary">
<msg time="2024-04-11T13:00:04.729069" level="INFO">${USERNAME} = rodrigo06</msg>
<var>${USERNAME}</var>
<status status="PASS" start="2024-04-11T13:00:04.727064" elapsed="0.003540"/>
</kw>
<kw name="Set Variable" owner="BuiltIn">
<msg time="2024-04-11T13:00:04.732637" level="INFO">${EMAIL} = rodrigo06@qacoders.com</msg>
<var>${EMAIL}</var>
<arg>${USERNAME}@qacoders.com</arg>
<doc>Returns the given values which can then be assigned to a variables.</doc>
<status status="PASS" start="2024-04-11T13:00:04.731631" elapsed="0.001006"/>
</kw>
<kw name="Preencher" owner="setup_teardown">
<kw name="Wait Until Element Is Visible" owner="SeleniumLibrary">
<arg>${locator}</arg>
<arg>5</arg>
<doc>Waits until the element ``locator`` is visible.</doc>
<status status="PASS" start="2024-04-11T13:00:04.734626" elapsed="0.074594"/>
</kw>
<kw name="Input Text" owner="SeleniumLibrary">
<msg time="2024-04-11T13:00:04.810214" level="INFO">Typing text 'rodrigo06@qacoders.com' into text field '//input[contains(@name,'mail')]'.</msg>
<arg>${locator}</arg>
<arg>${variavel}</arg>
<doc>Types the given ``text`` into the text field identified by ``locator``.</doc>
<status status="PASS" start="2024-04-11T13:00:04.810214" elapsed="0.461292"/>
</kw>
<arg>${mailIInput}</arg>
<arg>${EMAIL}</arg>
<status status="PASS" start="2024-04-11T13:00:04.733630" elapsed="0.537876"/>
</kw>
<status status="PASS" start="2024-04-11T13:00:04.725026" elapsed="0.547468"/>
</kw>
<kw name="E inserir Perfil de acesso" owner="cadastrarUsuarios_page">
<kw name="Preencher" owner="setup_teardown">
<kw name="Wait Until Element Is Visible" owner="SeleniumLibrary">
<arg>${locator}</arg>
<arg>5</arg>
<doc>Waits until the element ``locator`` is visible.</doc>
<status status="PASS" start="2024-04-11T13:00:05.275497" elapsed="0.070927"/>
</kw>
<kw name="Input Text" owner="SeleniumLibrary">
<msg time="2024-04-11T13:00:05.347405" level="INFO">Typing text 'ADMIN' into text field 'id=accessProfile'.</msg>
<arg>${locator}</arg>
<arg>${variavel}</arg>
<doc>Types the given ``text`` into the text field identified by ``locator``.</doc>
<status status="PASS" start="2024-04-11T13:00:05.346424" elapsed="0.311013"/>
</kw>
<arg>${perfilAcessoInput}</arg>
<arg>${PERFILACESSO}</arg>
<status status="PASS" start="2024-04-11T13:00:05.274495" elapsed="0.383487"/>
</kw>
<status status="PASS" start="2024-04-11T13:00:05.273493" elapsed="0.384489"/>
</kw>
<kw name="E inserir cpf" owner="cadastrarUsuarios_page">
<kw name="Random Number" owner="FakerLibrary">
<msg time="2024-04-11T13:00:05.660758" level="INFO">${CPF} = 48878315088</msg>
<var>${CPF}</var>
<arg>11</arg>
<arg>11</arg>
<doc>Generate a random integer according to the following rules:</doc>
<status status="PASS" start="2024-04-11T13:00:05.659754" elapsed="0.001004"/>
</kw>
<kw name="Preencher" owner="setup_teardown">
<kw name="Wait Until Element Is Visible" owner="SeleniumLibrary">
<arg>${locator}</arg>
<arg>5</arg>
<doc>Waits until the element ``locator`` is visible.</doc>
<status status="PASS" start="2024-04-11T13:00:05.664789" elapsed="0.173674"/>
</kw>
<kw name="Input Text" owner="SeleniumLibrary">
<msg time="2024-04-11T13:00:05.839412" level="INFO">Typing text '48878315088' into text field 'id=cpf'.</msg>
<arg>${locator}</arg>
<arg>${variavel}</arg>
<doc>Types the given ``text`` into the text field identified by ``locator``.</doc>
<status status="PASS" start="2024-04-11T13:00:05.839412" elapsed="0.349866"/>
</kw>
<arg>${cpfInput}</arg>
<arg>${CPF}</arg>
<status status="PASS" start="2024-04-11T13:00:05.660758" elapsed="0.529495"/>
</kw>
<status status="PASS" start="2024-04-11T13:00:05.658672" elapsed="0.531581"/>
</kw>
<kw name="E inserir a senha" owner="cadastrarUsuarios_page">
<kw name="Preencher" owner="setup_teardown">
<kw name="Wait Until Element Is Visible" owner="SeleniumLibrary">
<arg>${locator}</arg>
<arg>5</arg>
<doc>Waits until the element ``locator`` is visible.</doc>
<status status="PASS" start="2024-04-11T13:00:06.193256" elapsed="0.053808"/>
</kw>
<kw name="Input Text" owner="SeleniumLibrary">
<msg time="2024-04-11T13:00:06.248665" level="INFO">Typing text 'Nags1234#' into text field 'id=password'.</msg>
<arg>${locator}</arg>
<arg>${variavel}</arg>
<doc>Types the given ``text`` into the text field identified by ``locator``.</doc>
<status status="PASS" start="2024-04-11T13:00:06.248106" elapsed="0.294322"/>
</kw>
<arg>${senhaInput}</arg>
<arg>${PASSWORD}</arg>
<status status="PASS" start="2024-04-11T13:00:06.192259" elapsed="0.351173"/>
</kw>
<status status="PASS" start="2024-04-11T13:00:06.191253" elapsed="0.352179"/>
</kw>
<kw name="E inserir a senha novamente" owner="cadastrarUsuarios_page">
<kw name="Set Variable" owner="BuiltIn">
<msg time="2024-04-11T13:00:06.544706" level="INFO">${CONFIRM_PASSWORD} = Nags1234#</msg>
<var>${CONFIRM_PASSWORD}</var>
<arg>${PASSWORD}</arg>
<doc>Returns the given values which can then be assigned to a variables.</doc>
<status status="PASS" start="2024-04-11T13:00:06.544706" elapsed="0.000000"/>
</kw>
<kw name="Preencher" owner="setup_teardown">
<kw name="Wait Until Element Is Visible" owner="SeleniumLibrary">
<arg>${locator}</arg>
<arg>5</arg>
<doc>Waits until the element ``locator`` is visible.</doc>
<status status="PASS" start="2024-04-11T13:00:06.545704" elapsed="0.061597"/>
</kw>
<kw name="Input Text" owner="SeleniumLibrary">
<msg time="2024-04-11T13:00:06.608299" level="INFO">Typing text 'Nags1234#' into text field 'id=confirmPassword'.</msg>
<arg>${locator}</arg>
<arg>${variavel}</arg>
<doc>Types the given ``text`` into the text field identified by ``locator``.</doc>
<status status="PASS" start="2024-04-11T13:00:06.607301" elapsed="0.302430"/>
</kw>
<arg>${confirmSenhaInput}</arg>
<arg>${CONFIRM_PASSWORD}</arg>
<status status="PASS" start="2024-04-11T13:00:06.545704" elapsed="0.365023"/>
</kw>
<status status="PASS" start="2024-04-11T13:00:06.543432" elapsed="0.367295"/>
</kw>
<kw name="E clicar em Salvar novo" owner="cadastrarUsuarios_page">
<kw name="Clicar" owner="setup_teardown">
<kw name="Wait Until Element Is Visible" owner="SeleniumLibrary">
<arg>${locator}</arg>
<arg>5</arg>
<doc>Waits until the element ``locator`` is visible.</doc>
<status status="PASS" start="2024-04-11T13:00:06.912723" elapsed="0.059573"/>
</kw>
<kw name="Click Element" owner="SeleniumLibrary">
<msg time="2024-04-11T13:00:06.973289" level="INFO">Clicking element 'id=save'.</msg>
<arg>${locator}</arg>
<doc>Click the element identified by ``locator``.</doc>
<status status="PASS" start="2024-04-11T13:00:06.972296" elapsed="0.138877"/>
</kw>
<arg>${salvarNovoButton}</arg>
<status status="PASS" start="2024-04-11T13:00:06.911727" elapsed="0.199446"/>
</kw>
<status status="PASS" start="2024-04-11T13:00:06.911727" elapsed="0.199446"/>
</kw>
<kw name="Fechar navegador" owner="setup_teardown" type="TEARDOWN">
<kw name="Close Browser" owner="SeleniumLibrary">
<doc>Closes the current browser.</doc>
<status status="PASS" start="2024-04-11T13:00:07.113169" elapsed="2.301029"/>
</kw>
<status status="PASS" start="2024-04-11T13:00:07.113169" elapsed="2.301029"/>
</kw>
<status status="PASS" start="2024-04-11T12:59:58.051269" elapsed="11.362929"/>
</test>
<test id="s1-s2-t2" name="CT02 - Cadastrar usuário com nome completo vazio" line="18">
<kw name="Dado que o usuário está logado na QaCoders academy" owner="cadastrarUsuarios_page">
<kw name="Acessar o site e logar" owner="setup_teardown">
<kw name="Dado que o usuário acessa a página de login QaCoders Academy" owner="login_page">
<kw name="Acessar site" owner="setup_teardown">
<kw name="Open Browser" owner="SeleniumLibrary">
<msg time="2024-04-11T13:00:09.421185" level="INFO">Opening browser 'chrome' to base url 'https://automacao.qacoders-academy.com.br/login'.</msg>
<arg>${geral.URL}</arg>
<arg>${geral.Browser}</arg>
<doc>Opens a new browser instance to the optional ``url``.</doc>
<status status="PASS" start="2024-04-11T13:00:09.419181" elapsed="2.729909"/>
</kw>
<kw name="Maximize Browser Window" owner="SeleniumLibrary">
<doc>Maximizes current browser window.</doc>
<status status="PASS" start="2024-04-11T13:00:12.150093" elapsed="0.163966"/>
</kw>
<status status="PASS" start="2024-04-11T13:00:09.419181" elapsed="2.895863"/>
</kw>
<status status="PASS" start="2024-04-11T13:00:09.419181" elapsed="2.896870"/>
</kw>
<kw name="Quando inserir email" owner="login_page">
<kw name="Preencher" owner="setup_teardown">
<kw name="Wait Until Element Is Visible" owner="SeleniumLibrary">
<arg>${locator}</arg>
<arg>5</arg>
<doc>Waits until the element ``locator`` is visible.</doc>
<status status="PASS" start="2024-04-11T13:00:12.322644" elapsed="0.101881"/>
</kw>
<kw name="Input Text" owner="SeleniumLibrary">
<msg time="2024-04-11T13:00:12.426540" level="INFO">Typing text 'sysadmin@qacoders.com' into text field 'id=email'.</msg>
<arg>${locator}</arg>
<arg>${variavel}</arg>
<doc>Types the given ``text`` into the text field identified by ``locator``.</doc>
<status status="PASS" start="2024-04-11T13:00:12.425523" elapsed="0.545833"/>
</kw>
<arg>${emailInput}</arg>
<arg>${email}</arg>
<status status="PASS" start="2024-04-11T13:00:12.321643" elapsed="0.649713"/>
</kw>
<arg>${EMAIl}</arg>
<status status="PASS" start="2024-04-11T13:00:12.318618" elapsed="0.652738"/>
</kw>
<kw name="E inserir senha" owner="login_page">
<kw name="Preencher" owner="setup_teardown">
<kw name="Wait Until Element Is Visible" owner="SeleniumLibrary">
<arg>${locator}</arg>
<arg>5</arg>
<doc>Waits until the element ``locator`` is visible.</doc>
<status status="PASS" start="2024-04-11T13:00:12.974358" elapsed="0.064122"/>
</kw>
<kw name="Input Text" owner="SeleniumLibrary">
<msg time="2024-04-11T13:00:13.039481" level="INFO">Typing text '1234@Test' into text field 'id=password'.</msg>
<arg>${locator}</arg>
<arg>${variavel}</arg>
<doc>Types the given ``text`` into the text field identified by ``locator``.</doc>
<status status="PASS" start="2024-04-11T13:00:13.038480" elapsed="0.375871"/>
</kw>
<arg>${senhaInput}</arg>
<arg>${senha}</arg>
<status status="PASS" start="2024-04-11T13:00:12.973359" elapsed="0.441993"/>
</kw>
<arg>${SENHA}</arg>
<status status="PASS" start="2024-04-11T13:00:12.972363" elapsed="0.442989"/>
</kw>
<kw name="E clicar em entrar" owner="login_page">
<kw name="Clicar" owner="setup_teardown">
<kw name="Wait Until Element Is Visible" owner="SeleniumLibrary">
<arg>${locator}</arg>
<arg>5</arg>
<doc>Waits until the element ``locator`` is visible.</doc>
<status status="PASS" start="2024-04-11T13:00:13.417890" elapsed="0.060043"/>
</kw>
<kw name="Click Element" owner="SeleniumLibrary">
<msg time="2024-04-11T13:00:13.478927" level="INFO">Clicking element 'id=login'.</msg>
<arg>${locator}</arg>
<doc>Click the element identified by ``locator``.</doc>
<status status="PASS" start="2024-04-11T13:00:13.478927" elapsed="0.136634"/>
</kw>
<arg>${entrarButton}</arg>
<status status="PASS" start="2024-04-11T13:00:13.416870" elapsed="0.199686"/>
</kw>
<status status="PASS" start="2024-04-11T13:00:13.415352" elapsed="0.201204"/>
</kw>
<kw name="Então o sistema exibe a tela home do sistema" owner="login_page">
<kw name="Validar mensagem" owner="setup_teardown">
<kw name="Wait Until Element Is Visible" owner="SeleniumLibrary">
<arg>${locator}</arg>
<arg>5</arg>
<doc>Waits until the element ``locator`` is visible.</doc>
<status status="PASS" start="2024-04-11T13:00:13.619552" elapsed="0.730984"/>
</kw>
<kw name="Element Text Should Be" owner="SeleniumLibrary">
<msg time="2024-04-11T13:00:14.350536" level="INFO">Verifying element '//button[@class="css-1nvbq2d"]' contains exact text 'Logout'.</msg>
<arg>${locator}</arg>
<arg>${texto}</arg>
<doc>Verifies that element ``locator`` contains exact the text ``expected``.</doc>
<status status="PASS" start="2024-04-11T13:00:14.350536" elapsed="0.039318"/>
</kw>
<arg>${logoutButton}</arg>
<arg>Logout</arg>
<status status="PASS" start="2024-04-11T13:00:13.618553" elapsed="0.771301"/>
</kw>
<kw name="Validar mensagem" owner="setup_teardown">
<kw name="Wait Until Element Is Visible" owner="SeleniumLibrary">
<arg>${locator}</arg>
<arg>5</arg>
<doc>Waits until the element ``locator`` is visible.</doc>
<status status="PASS" start="2024-04-11T13:00:14.390865" elapsed="0.040912"/>
</kw>
<kw name="Element Text Should Be" owner="SeleniumLibrary">
<msg time="2024-04-11T13:00:14.432776" level="INFO">Verifying element 'id=Cadastros' contains exact text 'Cadastros'.</msg>
<arg>${locator}</arg>
<arg>${texto}</arg>
<doc>Verifies that element ``locator`` contains exact the text ``expected``.</doc>
<status status="PASS" start="2024-04-11T13:00:14.431777" elapsed="0.033371"/>
</kw>
<arg>${cadastroButton}</arg>
<arg>Cadastros</arg>
<status status="PASS" start="2024-04-11T13:00:14.389854" elapsed="0.075294"/>
</kw>
<kw name="Validar URL" owner="setup_teardown">
<kw name="Location Should Be" owner="SeleniumLibrary">
<msg time="2024-04-11T13:00:14.476166" level="INFO">Current location is 'https://automacao.qacoders-academy.com.br/home'.</msg>
<arg>${url}</arg>
<doc>Verifies that the current URL is exactly ``url``.</doc>
<status status="PASS" start="2024-04-11T13:00:14.466152" elapsed="0.010014"/>
</kw>
<arg>${homeURL}</arg>
<status status="PASS" start="2024-04-11T13:00:14.465148" elapsed="0.012022"/>
</kw>
<status status="PASS" start="2024-04-11T13:00:13.617553" elapsed="0.859617"/>
</kw>
<status status="PASS" start="2024-04-11T13:00:09.417152" elapsed="5.060018"/>
</kw>
<status status="PASS" start="2024-04-11T13:00:09.417152" elapsed="5.060018"/>
</kw>
<kw name="Quando acessar a tela de cadastro de usuários" owner="cadastrarUsuarios_page">
<kw name="Clicar" owner="setup_teardown">
<kw name="Wait Until Element Is Visible" owner="SeleniumLibrary">
<arg>${locator}</arg>
<arg>5</arg>
<doc>Waits until the element ``locator`` is visible.</doc>
<status status="PASS" start="2024-04-11T13:00:14.481169" elapsed="0.036296"/>
</kw>
<kw name="Click Element" owner="SeleniumLibrary">
<msg time="2024-04-11T13:00:14.518477" level="INFO">Clicking element 'id=Cadastros'.</msg>
<arg>${locator}</arg>
<doc>Click the element identified by ``locator``.</doc>
<status status="PASS" start="2024-04-11T13:00:14.518477" elapsed="0.118328"/>
</kw>
<arg>${cadastroButton}</arg>
<status status="PASS" start="2024-04-11T13:00:14.479171" elapsed="0.157634"/>
</kw>
<kw name="Clicar" owner="setup_teardown">
<kw name="Wait Until Element Is Visible" owner="SeleniumLibrary">
<arg>${locator}</arg>
<arg>5</arg>
<doc>Waits until the element ``locator`` is visible.</doc>
<status status="PASS" start="2024-04-11T13:00:14.637807" elapsed="0.048192"/>
</kw>
<kw name="Click Element" owner="SeleniumLibrary">
<msg time="2024-04-11T13:00:14.687004" level="INFO">Clicking element '//span[@class='MuiTypography-root MuiTypography-body1 MuiListItemText-primary css-yb0lig'][contains(.,'Usuários')]'.</msg>
<arg>${locator}</arg>
<doc>Click the element identified by ``locator``.</doc>
<status status="PASS" start="2024-04-11T13:00:14.687004" elapsed="0.123789"/>
</kw>
<arg>${usuariosButton}</arg>
<status status="PASS" start="2024-04-11T13:00:14.637807" elapsed="0.172986"/>
</kw>
<kw name="Clicar" owner="setup_teardown">
<kw name="Wait Until Element Is Visible" owner="SeleniumLibrary">
<arg>${locator}</arg>
<arg>5</arg>
<doc>Waits until the element ``locator`` is visible.</doc>
<status status="PASS" start="2024-04-11T13:00:14.812790" elapsed="0.326714"/>
</kw>
<kw name="Click Element" owner="SeleniumLibrary">
<msg time="2024-04-11T13:00:15.139504" level="INFO">Clicking element 'id=Novo Cadastro'.</msg>
<arg>${locator}</arg>
<doc>Click the element identified by ``locator``.</doc>
<status status="PASS" start="2024-04-11T13:00:15.139504" elapsed="0.122918"/>
</kw>
<arg>${novoCadastroButton}</arg>
<status status="PASS" start="2024-04-11T13:00:14.811792" elapsed="0.450630"/>
</kw>
<kw name="Wait Until Page Contains" owner="SeleniumLibrary">
<arg>Novo Cadastro</arg>
<doc>Waits until ``text`` appears on the current page.</doc>
<status status="PASS" start="2024-04-11T13:00:15.263432" elapsed="0.049550"/>
</kw>
<status status="PASS" start="2024-04-11T13:00:14.478171" elapsed="0.834811"/>
</kw>
<kw name="E não inserir nome completo" owner="cadastrarUsuarios_page">
<kw name="Limpar campo" owner="setup_teardown">
<kw name="Wait Until Element Is Visible" owner="SeleniumLibrary">
<arg>${locator}</arg>
<arg>5</arg>
<doc>Waits until the element ``locator`` is visible.</doc>
<status status="PASS" start="2024-04-11T13:00:15.315980" elapsed="0.060183"/>
</kw>
<kw name="Clear Element Text" owner="SeleniumLibrary">
<arg>${locator}</arg>
<doc>Clears the value of the text-input-element identified by ``locator``.</doc>
<status status="PASS" start="2024-04-11T13:00:15.376163" elapsed="0.099627"/>
</kw>
<arg>${nomeInput}</arg>
<status status="PASS" start="2024-04-11T13:00:15.314980" elapsed="0.160810"/>
</kw>
<status status="PASS" start="2024-04-11T13:00:15.314980" elapsed="0.160810"/>
</kw>
<kw name="E inserir e-mail" owner="cadastrarUsuarios_page">
<kw name="User Name" owner="FakerLibrary">
<msg time="2024-04-11T13:00:15.477800" level="INFO">${USERNAME} = luiz-miguelpires</msg>
<var>${USERNAME}</var>
<status status="PASS" start="2024-04-11T13:00:15.477800" elapsed="0.000000"/>
</kw>
<kw name="Set Variable" owner="BuiltIn">
<msg time="2024-04-11T13:00:15.478800" level="INFO">${EMAIL} = luiz-miguelpires@qacoders.com</msg>
<var>${EMAIL}</var>
<arg>${USERNAME}@qacoders.com</arg>
<doc>Returns the given values which can then be assigned to a variables.</doc>
<status status="PASS" start="2024-04-11T13:00:15.478800" elapsed="0.000000"/>
</kw>
<kw name="Preencher" owner="setup_teardown">
<kw name="Wait Until Element Is Visible" owner="SeleniumLibrary">
<arg>${locator}</arg>
<arg>5</arg>
<doc>Waits until the element ``locator`` is visible.</doc>
<status status="PASS" start="2024-04-11T13:00:15.479799" elapsed="0.042542"/>
</kw>
<kw name="Input Text" owner="SeleniumLibrary">
<msg time="2024-04-11T13:00:15.523341" level="INFO">Typing text 'luiz-miguelpires@qacoders.com' into text field '//input[contains(@name,'mail')]'.</msg>
<arg>${locator}</arg>
<arg>${variavel}</arg>
<doc>Types the given ``text`` into the text field identified by ``locator``.</doc>
<status status="PASS" start="2024-04-11T13:00:15.522341" elapsed="0.506889"/>
</kw>
<arg>${mailIInput}</arg>
<arg>${EMAIL}</arg>
<status status="PASS" start="2024-04-11T13:00:15.478800" elapsed="0.551434"/>
</kw>
<status status="PASS" start="2024-04-11T13:00:15.476806" elapsed="0.553428"/>
</kw>
<kw name="E inserir Perfil de acesso" owner="cadastrarUsuarios_page">
<kw name="Preencher" owner="setup_teardown">
<kw name="Wait Until Element Is Visible" owner="SeleniumLibrary">
<arg>${locator}</arg>
<arg>5</arg>
<doc>Waits until the element ``locator`` is visible.</doc>
<status status="PASS" start="2024-04-11T13:00:16.032231" elapsed="0.070948"/>
</kw>
<kw name="Input Text" owner="SeleniumLibrary">
<msg time="2024-04-11T13:00:16.104178" level="INFO">Typing text 'ADMIN' into text field 'id=accessProfile'.</msg>
<arg>${locator}</arg>
<arg>${variavel}</arg>
<doc>Types the given ``text`` into the text field identified by ``locator``.</doc>
<status status="PASS" start="2024-04-11T13:00:16.103179" elapsed="0.299016"/>
</kw>
<arg>${perfilAcessoInput}</arg>
<arg>${PERFILACESSO}</arg>
<status status="PASS" start="2024-04-11T13:00:16.032231" elapsed="0.370930"/>
</kw>
<status status="PASS" start="2024-04-11T13:00:16.031231" elapsed="0.371930"/>
</kw>
<kw name="E inserir cpf" owner="cadastrarUsuarios_page">
<kw name="Random Number" owner="FakerLibrary">
<msg time="2024-04-11T13:00:16.407159" level="INFO">${CPF} = 93416845380</msg>
<var>${CPF}</var>
<arg>11</arg>
<arg>11</arg>
<doc>Generate a random integer according to the following rules:</doc>
<status status="PASS" start="2024-04-11T13:00:16.405164" elapsed="0.001995"/>
</kw>
<kw name="Preencher" owner="setup_teardown">
<kw name="Wait Until Element Is Visible" owner="SeleniumLibrary">
<arg>${locator}</arg>
<arg>5</arg>
<doc>Waits until the element ``locator`` is visible.</doc>
<status status="PASS" start="2024-04-11T13:00:16.409168" elapsed="0.103819"/>
</kw>
<kw name="Input Text" owner="SeleniumLibrary">
<msg time="2024-04-11T13:00:16.514971" level="INFO">Typing text '93416845380' into text field 'id=cpf'.</msg>
<arg>${locator}</arg>
<arg>${variavel}</arg>
<doc>Types the given ``text`` into the text field identified by ``locator``.</doc>
<status status="PASS" start="2024-04-11T13:00:16.513988" elapsed="0.364056"/>
</kw>
<arg>${cpfInput}</arg>
<arg>${CPF}</arg>
<status status="PASS" start="2024-04-11T13:00:16.407159" elapsed="0.470885"/>
</kw>
<status status="PASS" start="2024-04-11T13:00:16.404158" elapsed="0.474890"/>
</kw>
<kw name="E inserir a senha" owner="cadastrarUsuarios_page">
<kw name="Preencher" owner="setup_teardown">
<kw name="Wait Until Element Is Visible" owner="SeleniumLibrary">
<arg>${locator}</arg>
<arg>5</arg>
<doc>Waits until the element ``locator`` is visible.</doc>
<status status="PASS" start="2024-04-11T13:00:16.886080" elapsed="0.072829"/>
</kw>
<kw name="Input Text" owner="SeleniumLibrary">
<msg time="2024-04-11T13:00:16.960933" level="INFO">Typing text 'Nags1234#' into text field 'id=password'.</msg>
<arg>${locator}</arg>
<arg>${variavel}</arg>
<doc>Types the given ``text`` into the text field identified by ``locator``.</doc>
<status status="PASS" start="2024-04-11T13:00:16.959914" elapsed="0.352155"/>
</kw>
<arg>${senhaInput}</arg>
<arg>${PASSWORD}</arg>
<status status="PASS" start="2024-04-11T13:00:16.883041" elapsed="0.429028"/>
</kw>
<status status="PASS" start="2024-04-11T13:00:16.881077" elapsed="0.432037"/>
</kw>
<kw name="E inserir a senha novamente" owner="cadastrarUsuarios_page">
<kw name="Set Variable" owner="BuiltIn">
<msg time="2024-04-11T13:00:17.321104" level="INFO">${CONFIRM_PASSWORD} = Nags1234#</msg>
<var>${CONFIRM_PASSWORD}</var>
<arg>${PASSWORD}</arg>
<doc>Returns the given values which can then be assigned to a variables.</doc>
<status status="PASS" start="2024-04-11T13:00:17.319095" elapsed="0.002009"/>
</kw>
<kw name="Preencher" owner="setup_teardown">
<kw name="Wait Until Element Is Visible" owner="SeleniumLibrary">
<arg>${locator}</arg>
<arg>5</arg>
<doc>Waits until the element ``locator`` is visible.</doc>
<status status="PASS" start="2024-04-11T13:00:17.325088" elapsed="0.092937"/>
</kw>
<kw name="Input Text" owner="SeleniumLibrary">
<msg time="2024-04-11T13:00:17.419025" level="INFO">Typing text 'Nags1234#' into text field 'id=confirmPassword'.</msg>
<arg>${locator}</arg>
<arg>${variavel}</arg>
<doc>Types the given ``text`` into the text field identified by ``locator``.</doc>
<status status="PASS" start="2024-04-11T13:00:17.418025" elapsed="0.339984"/>
</kw>
<arg>${confirmSenhaInput}</arg>
<arg>${CONFIRM_PASSWORD}</arg>
<status status="PASS" start="2024-04-11T13:00:17.323089" elapsed="0.434920"/>
</kw>
<status status="PASS" start="2024-04-11T13:00:17.316064" elapsed="0.442952"/>
</kw>
<kw name="E clicar em Salvar novo" owner="cadastrarUsuarios_page">
<kw name="Clicar" owner="setup_teardown">
<kw name="Wait Until Element Is Visible" owner="SeleniumLibrary">
<arg>${locator}</arg>
<arg>5</arg>
<doc>Waits until the element ``locator`` is visible.</doc>
<status status="PASS" start="2024-04-11T13:00:17.768061" elapsed="0.106572"/>
</kw>
<kw name="Click Element" owner="SeleniumLibrary">
<msg time="2024-04-11T13:00:17.875630" level="INFO">Clicking element 'id=save'.</msg>
<arg>${locator}</arg>
<doc>Click the element identified by ``locator``.</doc>
<status status="PASS" start="2024-04-11T13:00:17.874633" elapsed="0.133277"/>
</kw>
<arg>${salvarNovoButton}</arg>
<status status="PASS" start="2024-04-11T13:00:17.765046" elapsed="0.242864"/>
</kw>
<status status="PASS" start="2024-04-11T13:00:17.762020" elapsed="0.246899"/>
</kw>
<kw name="Então o sistema exibe a mensagem &quot;O campo nome completo é obrigatório&quot;" owner="cadastrarUsuarios_page" source_name="Então o sistema exibe a mensagem &quot;${mensagemErro}&quot;">
<kw name="Validar mensagem" owner="setup_teardown">
<kw name="Wait Until Element Is Visible" owner="SeleniumLibrary">
<arg>${locator}</arg>
<arg>5</arg>
<doc>Waits until the element ``locator`` is visible.</doc>
<status status="PASS" start="2024-04-11T13:00:18.012936" elapsed="0.101335"/>
</kw>
<kw name="Element Text Should Be" owner="SeleniumLibrary">
<msg time="2024-04-11T13:00:18.117818" level="INFO">Verifying element '//p[@class="css-bbipig"]' contains exact text 'O campo nome completo é obrigatório'.</msg>
<arg>${locator}</arg>
<arg>${texto}</arg>
<doc>Verifies that element ``locator`` contains exact the text ``expected``.</doc>
<status status="PASS" start="2024-04-11T13:00:18.116780" elapsed="0.069142"/>
</kw>
<arg>${msgErro}</arg>
<arg>${mensagemErro}</arg>
<status status="PASS" start="2024-04-11T13:00:18.011922" elapsed="0.175919"/>
</kw>
<status status="PASS" start="2024-04-11T13:00:18.010905" elapsed="0.178610"/>
</kw>
<kw name="Fechar navegador" owner="setup_teardown" type="TEARDOWN">
<kw name="Close Browser" owner="SeleniumLibrary">
<doc>Closes the current browser.</doc>
<status status="PASS" start="2024-04-11T13:00:18.196038" elapsed="2.397177"/>
</kw>
<status status="PASS" start="2024-04-11T13:00:18.193522" elapsed="2.399693"/>
</kw>
<status status="PASS" start="2024-04-11T13:00:09.416152" elapsed="11.177982"/>
</test>
<test id="s1-s2-t3" name="CT03 - Cadastrar usuário com email vazio" line="30">
<kw name="Dado que o usuário está logado na QaCoders academy" owner="cadastrarUsuarios_page">
<kw name="Acessar o site e logar" owner="setup_teardown">
<kw name="Dado que o usuário acessa a página de login QaCoders Academy" owner="login_page">
<kw name="Acessar site" owner="setup_teardown">
<kw name="Open Browser" owner="SeleniumLibrary">
<msg time="2024-04-11T13:00:20.597653" level="INFO">Opening browser 'chrome' to base url 'https://automacao.qacoders-academy.com.br/login'.</msg>
<arg>${geral.URL}</arg>
<arg>${geral.Browser}</arg>
<doc>Opens a new browser instance to the optional ``url``.</doc>
<status status="PASS" start="2024-04-11T13:00:20.596653" elapsed="2.949097"/>
</kw>
<kw name="Maximize Browser Window" owner="SeleniumLibrary">
<doc>Maximizes current browser window.</doc>
<status status="PASS" start="2024-04-11T13:00:23.546758" elapsed="0.147022"/>
</kw>
<status status="PASS" start="2024-04-11T13:00:20.596653" elapsed="3.097127"/>
</kw>
<status status="PASS" start="2024-04-11T13:00:20.596653" elapsed="3.097127"/>
</kw>
<kw name="Quando inserir email" owner="login_page">
<kw name="Preencher" owner="setup_teardown">
<kw name="Wait Until Element Is Visible" owner="SeleniumLibrary">
<arg>${locator}</arg>
<arg>5</arg>
<doc>Waits until the element ``locator`` is visible.</doc>
<status status="PASS" start="2024-04-11T13:00:23.696303" elapsed="0.073571"/>
</kw>
<kw name="Input Text" owner="SeleniumLibrary">
<msg time="2024-04-11T13:00:23.770874" level="INFO">Typing text 'sysadmin@qacoders.com' into text field 'id=email'.</msg>
<arg>${locator}</arg>
<arg>${variavel}</arg>
<doc>Types the given ``text`` into the text field identified by ``locator``.</doc>
<status status="PASS" start="2024-04-11T13:00:23.769874" elapsed="0.438672"/>
</kw>
<arg>${emailInput}</arg>
<arg>${email}</arg>
<status status="PASS" start="2024-04-11T13:00:23.694778" elapsed="0.514763"/>
</kw>
<arg>${EMAIl}</arg>
<status status="PASS" start="2024-04-11T13:00:23.693780" elapsed="0.515761"/>
</kw>
<kw name="E inserir senha" owner="login_page">
<kw name="Preencher" owner="setup_teardown">
<kw name="Wait Until Element Is Visible" owner="SeleniumLibrary">
<arg>${locator}</arg>
<arg>5</arg>
<doc>Waits until the element ``locator`` is visible.</doc>
<status status="PASS" start="2024-04-11T13:00:24.211547" elapsed="0.056003"/>
</kw>
<kw name="Input Text" owner="SeleniumLibrary">
<msg time="2024-04-11T13:00:24.268541" level="INFO">Typing text '1234@Test' into text field 'id=password'.</msg>
<arg>${locator}</arg>
<arg>${variavel}</arg>
<doc>Types the given ``text`` into the text field identified by ``locator``.</doc>
<status status="PASS" start="2024-04-11T13:00:24.267550" elapsed="0.244888"/>
</kw>
<arg>${senhaInput}</arg>
<arg>${senha}</arg>
<status status="PASS" start="2024-04-11T13:00:24.210547" elapsed="0.301891"/>
</kw>
<arg>${SENHA}</arg>
<status status="PASS" start="2024-04-11T13:00:24.210547" elapsed="0.301891"/>
</kw>
<kw name="E clicar em entrar" owner="login_page">
<kw name="Clicar" owner="setup_teardown">
<kw name="Wait Until Element Is Visible" owner="SeleniumLibrary">
<arg>${locator}</arg>
<arg>5</arg>
<doc>Waits until the element ``locator`` is visible.</doc>
<status status="PASS" start="2024-04-11T13:00:24.514432" elapsed="0.052551"/>
</kw>
<kw name="Click Element" owner="SeleniumLibrary">
<msg time="2024-04-11T13:00:24.567979" level="INFO">Clicking element 'id=login'.</msg>
<arg>${locator}</arg>
<doc>Click the element identified by ``locator``.</doc>
<status status="PASS" start="2024-04-11T13:00:24.566983" elapsed="0.146229"/>
</kw>
<arg>${entrarButton}</arg>
<status status="PASS" start="2024-04-11T13:00:24.513434" elapsed="0.199778"/>
</kw>
<status status="PASS" start="2024-04-11T13:00:24.513434" elapsed="0.199778"/>
</kw>
<kw name="Então o sistema exibe a tela home do sistema" owner="login_page">
<kw name="Validar mensagem" owner="setup_teardown">
<kw name="Wait Until Element Is Visible" owner="SeleniumLibrary">
<arg>${locator}</arg>
<arg>5</arg>
<doc>Waits until the element ``locator`` is visible.</doc>
<status status="PASS" start="2024-04-11T13:00:24.717210" elapsed="0.747084"/>
</kw>
<kw name="Element Text Should Be" owner="SeleniumLibrary">
<msg time="2024-04-11T13:00:25.465298" level="INFO">Verifying element '//button[@class="css-1nvbq2d"]' contains exact text 'Logout'.</msg>
<arg>${locator}</arg>
<arg>${texto}</arg>
<doc>Verifies that element ``locator`` contains exact the text ``expected``.</doc>
<status status="PASS" start="2024-04-11T13:00:25.464294" elapsed="0.101745"/>
</kw>
<arg>${logoutButton}</arg>
<arg>Logout</arg>
<status status="PASS" start="2024-04-11T13:00:24.716224" elapsed="0.849815"/>
</kw>
<kw name="Validar mensagem" owner="setup_teardown">
<kw name="Wait Until Element Is Visible" owner="SeleniumLibrary">
<arg>${locator}</arg>
<arg>5</arg>
<doc>Waits until the element ``locator`` is visible.</doc>
<status status="PASS" start="2024-04-11T13:00:25.569037" elapsed="0.094713"/>
</kw>
<kw name="Element Text Should Be" owner="SeleniumLibrary">
<msg time="2024-04-11T13:00:25.665760" level="INFO">Verifying element 'id=Cadastros' contains exact text 'Cadastros'.</msg>
<arg>${locator}</arg>
<arg>${texto}</arg>
<doc>Verifies that element ``locator`` contains exact the text ``expected``.</doc>
<status status="PASS" start="2024-04-11T13:00:25.664749" elapsed="0.057190"/>
</kw>
<arg>${cadastroButton}</arg>
<arg>Cadastros</arg>
<status status="PASS" start="2024-04-11T13:00:25.567040" elapsed="0.155920"/>
</kw>
<kw name="Validar URL" owner="setup_teardown">
<kw name="Location Should Be" owner="SeleniumLibrary">
<msg time="2024-04-11T13:00:25.742076" level="INFO">Current location is 'https://automacao.qacoders-academy.com.br/home'.</msg>
<arg>${url}</arg>
<doc>Verifies that the current URL is exactly ``url``.</doc>
<status status="PASS" start="2024-04-11T13:00:25.725040" elapsed="0.017036"/>
</kw>
<arg>${homeURL}</arg>
<status status="PASS" start="2024-04-11T13:00:25.722960" elapsed="0.020117"/>
</kw>
<status status="PASS" start="2024-04-11T13:00:24.714211" elapsed="1.028866"/>
</kw>
<status status="PASS" start="2024-04-11T13:00:20.595647" elapsed="5.147430"/>
</kw>
<status status="PASS" start="2024-04-11T13:00:20.595647" elapsed="5.147430"/>
</kw>
<kw name="Quando acessar a tela de cadastro de usuários" owner="cadastrarUsuarios_page">
<kw name="Clicar" owner="setup_teardown">
<kw name="Wait Until Element Is Visible" owner="SeleniumLibrary">
<arg>${locator}</arg>
<arg>5</arg>
<doc>Waits until the element ``locator`` is visible.</doc>
<status status="PASS" start="2024-04-11T13:00:25.747077" elapsed="0.081487"/>
</kw>
<kw name="Click Element" owner="SeleniumLibrary">
<msg time="2024-04-11T13:00:25.830572" level="INFO">Clicking element 'id=Cadastros'.</msg>
<arg>${locator}</arg>
<doc>Click the element identified by ``locator``.</doc>
<status status="PASS" start="2024-04-11T13:00:25.829572" elapsed="0.188296"/>
</kw>
<arg>${cadastroButton}</arg>
<status status="PASS" start="2024-04-11T13:00:25.746077" elapsed="0.271791"/>
</kw>
<kw name="Clicar" owner="setup_teardown">
<kw name="Wait Until Element Is Visible" owner="SeleniumLibrary">
<arg>${locator}</arg>
<arg>5</arg>
<doc>Waits until the element ``locator`` is visible.</doc>
<status status="PASS" start="2024-04-11T13:00:26.019868" elapsed="0.076561"/>
</kw>
<kw name="Click Element" owner="SeleniumLibrary">
<msg time="2024-04-11T13:00:26.097432" level="INFO">Clicking element '//span[@class='MuiTypography-root MuiTypography-body1 MuiListItemText-primary css-yb0lig'][contains(.,'Usuários')]'.</msg>
<arg>${locator}</arg>
<doc>Click the element identified by ``locator``.</doc>
<status status="PASS" start="2024-04-11T13:00:26.097432" elapsed="0.180255"/>
</kw>
<arg>${usuariosButton}</arg>
<status status="PASS" start="2024-04-11T13:00:26.018867" elapsed="0.258820"/>
</kw>
<kw name="Clicar" owner="setup_teardown">
<kw name="Wait Until Element Is Visible" owner="SeleniumLibrary">
<arg>${locator}</arg>
<arg>5</arg>
<doc>Waits until the element ``locator`` is visible.</doc>
<status status="PASS" start="2024-04-11T13:00:26.278697" elapsed="0.111317"/>
</kw>
<kw name="Click Element" owner="SeleniumLibrary">
<msg time="2024-04-11T13:00:26.391009" level="INFO">Clicking element 'id=Novo Cadastro'.</msg>
<arg>${locator}</arg>
<doc>Click the element identified by ``locator``.</doc>
<status status="PASS" start="2024-04-11T13:00:26.390014" elapsed="0.132764"/>
</kw>
<arg>${novoCadastroButton}</arg>
<status status="PASS" start="2024-04-11T13:00:26.278697" elapsed="0.244081"/>
</kw>
<kw name="Wait Until Page Contains" owner="SeleniumLibrary">
<arg>Novo Cadastro</arg>
<doc>Waits until ``text`` appears on the current page.</doc>
<status status="PASS" start="2024-04-11T13:00:26.523740" elapsed="0.038478"/>
</kw>
<status status="PASS" start="2024-04-11T13:00:25.744078" elapsed="0.819163"/>
</kw>
<kw name="E inserir nome completo" owner="cadastrarUsuarios_page">
<kw name="First Name" owner="FakerLibrary">
<msg time="2024-04-11T13:00:26.565239" level="INFO">${NOME} = Thomas</msg>
<var>${NOME}</var>
<status status="PASS" start="2024-04-11T13:00:26.564238" elapsed="0.001001"/>
</kw>
<kw name="Preencher" owner="setup_teardown">
<kw name="Wait Until Element Is Visible" owner="SeleniumLibrary">
<arg>${locator}</arg>
<arg>5</arg>
<doc>Waits until the element ``locator`` is visible.</doc>
<status status="PASS" start="2024-04-11T13:00:26.566238" elapsed="0.187852"/>
</kw>
<kw name="Input Text" owner="SeleniumLibrary">
<msg time="2024-04-11T13:00:26.755091" level="INFO">Typing text 'Thomas Silva' into text field 'id=fullName'.</msg>
<arg>${locator}</arg>
<arg>${variavel}</arg>
<doc>Types the given ``text`` into the text field identified by ``locator``.</doc>
<status status="PASS" start="2024-04-11T13:00:26.754090" elapsed="0.321028"/>
</kw>
<arg>${nomeInput}</arg>
<arg>${NOME} Silva</arg>
<status status="PASS" start="2024-04-11T13:00:26.565239" elapsed="0.510892"/>
</kw>
<status status="PASS" start="2024-04-11T13:00:26.564238" elapsed="0.512939"/>
</kw>
<kw name="E não inserir e-mail" owner="cadastrarUsuarios_page">
<kw name="Limpar campo" owner="setup_teardown">
<kw name="Wait Until Element Is Visible" owner="SeleniumLibrary">
<arg>${locator}</arg>
<arg>5</arg>
<doc>Waits until the element ``locator`` is visible.</doc>
<status status="PASS" start="2024-04-11T13:00:27.082101" elapsed="0.058626"/>
</kw>
<kw name="Clear Element Text" owner="SeleniumLibrary">
<arg>${locator}</arg>
<doc>Clears the value of the text-input-element identified by ``locator``.</doc>
<status status="PASS" start="2024-04-11T13:00:27.141726" elapsed="0.094227"/>
</kw>
<arg>${mailIInput}</arg>
<status status="PASS" start="2024-04-11T13:00:27.081098" elapsed="0.154855"/>
</kw>
<status status="PASS" start="2024-04-11T13:00:27.079103" elapsed="0.156850"/>
</kw>
<kw name="E inserir Perfil de acesso" owner="cadastrarUsuarios_page">
<kw name="Preencher" owner="setup_teardown">
<kw name="Wait Until Element Is Visible" owner="SeleniumLibrary">
<arg>${locator}</arg>
<arg>5</arg>
<doc>Waits until the element ``locator`` is visible.</doc>
<status status="PASS" start="2024-04-11T13:00:27.237952" elapsed="0.055010"/>
</kw>
<kw name="Input Text" owner="SeleniumLibrary">
<msg time="2024-04-11T13:00:27.294980" level="INFO">Typing text 'ADMIN' into text field 'id=accessProfile'.</msg>
<arg>${locator}</arg>
<arg>${variavel}</arg>
<doc>Types the given ``text`` into the text field identified by ``locator``.</doc>
<status status="PASS" start="2024-04-11T13:00:27.293965" elapsed="0.195741"/>
</kw>
<arg>${perfilAcessoInput}</arg>
<arg>${PERFILACESSO}</arg>
<status status="PASS" start="2024-04-11T13:00:27.236950" elapsed="0.252756"/>
</kw>
<status status="PASS" start="2024-04-11T13:00:27.236950" elapsed="0.252756"/>
</kw>
<kw name="E inserir cpf" owner="cadastrarUsuarios_page">
<kw name="Random Number" owner="FakerLibrary">
<msg time="2024-04-11T13:00:27.491705" level="INFO">${CPF} = 22846826937</msg>
<var>${CPF}</var>
<arg>11</arg>
<arg>11</arg>
<doc>Generate a random integer according to the following rules:</doc>
<status status="PASS" start="2024-04-11T13:00:27.490710" elapsed="0.000995"/>
</kw>
<kw name="Preencher" owner="setup_teardown">
<kw name="Wait Until Element Is Visible" owner="SeleniumLibrary">
<arg>${locator}</arg>
<arg>5</arg>
<doc>Waits until the element ``locator`` is visible.</doc>
<status status="PASS" start="2024-04-11T13:00:27.492709" elapsed="0.059683"/>
</kw>
<kw name="Input Text" owner="SeleniumLibrary">
<msg time="2024-04-11T13:00:27.553391" level="INFO">Typing text '22846826937' into text field 'id=cpf'.</msg>
<arg>${locator}</arg>
<arg>${variavel}</arg>
<doc>Types the given ``text`` into the text field identified by ``locator``.</doc>
<status status="PASS" start="2024-04-11T13:00:27.552392" elapsed="0.266593"/>
</kw>
<arg>${cpfInput}</arg>
<arg>${CPF}</arg>
<status status="PASS" start="2024-04-11T13:00:27.491705" elapsed="0.327280"/>
</kw>
<status status="PASS" start="2024-04-11T13:00:27.490710" elapsed="0.328275"/>
</kw>
<kw name="E inserir a senha" owner="cadastrarUsuarios_page">
<kw name="Preencher" owner="setup_teardown">
<kw name="Wait Until Element Is Visible" owner="SeleniumLibrary">
<arg>${locator}</arg>
<arg>5</arg>
<doc>Waits until the element ``locator`` is visible.</doc>
<status status="PASS" start="2024-04-11T13:00:27.820982" elapsed="0.040006"/>
</kw>
<kw name="Input Text" owner="SeleniumLibrary">
<msg time="2024-04-11T13:00:27.863017" level="INFO">Typing text 'Nags1234#' into text field 'id=password'.</msg>
<arg>${locator}</arg>
<arg>${variavel}</arg>
<doc>Types the given ``text`` into the text field identified by ``locator``.</doc>
<status status="PASS" start="2024-04-11T13:00:27.860988" elapsed="0.264026"/>
</kw>
<arg>${senhaInput}</arg>
<arg>${PASSWORD}</arg>
<status status="PASS" start="2024-04-11T13:00:27.820982" elapsed="0.304032"/>
</kw>
<status status="PASS" start="2024-04-11T13:00:27.819986" elapsed="0.306027"/>
</kw>
<kw name="E inserir a senha novamente" owner="cadastrarUsuarios_page">
<kw name="Set Variable" owner="BuiltIn">
<msg time="2024-04-11T13:00:28.128011" level="INFO">${CONFIRM_PASSWORD} = Nags1234#</msg>
<var>${CONFIRM_PASSWORD}</var>
<arg>${PASSWORD}</arg>
<doc>Returns the given values which can then be assigned to a variables.</doc>
<status status="PASS" start="2024-04-11T13:00:28.128011" elapsed="0.000000"/>
</kw>
<kw name="Preencher" owner="setup_teardown">
<kw name="Wait Until Element Is Visible" owner="SeleniumLibrary">
<arg>${locator}</arg>
<arg>5</arg>
<doc>Waits until the element ``locator`` is visible.</doc>
<status status="PASS" start="2024-04-11T13:00:28.137015" elapsed="0.056290"/>
</kw>
<kw name="Input Text" owner="SeleniumLibrary">
<msg time="2024-04-11T13:00:28.194304" level="INFO">Typing text 'Nags1234#' into text field 'id=confirmPassword'.</msg>
<arg>${locator}</arg>
<arg>${variavel}</arg>
<doc>Types the given ``text`` into the text field identified by ``locator``.</doc>
<status status="PASS" start="2024-04-11T13:00:28.194304" elapsed="0.325208"/>
</kw>
<arg>${confirmSenhaInput}</arg>
<arg>${CONFIRM_PASSWORD}</arg>
<status status="PASS" start="2024-04-11T13:00:28.129032" elapsed="0.391484"/>
</kw>
<status status="PASS" start="2024-04-11T13:00:28.127011" elapsed="0.393505"/>
</kw>
<kw name="E clicar em Salvar novo" owner="cadastrarUsuarios_page">
<kw name="Clicar" owner="setup_teardown">
<kw name="Wait Until Element Is Visible" owner="SeleniumLibrary">
<arg>${locator}</arg>
<arg>5</arg>
<doc>Waits until the element ``locator`` is visible.</doc>
<status status="PASS" start="2024-04-11T13:00:28.525509" elapsed="0.090975"/>
</kw>
<kw name="Click Element" owner="SeleniumLibrary">
<msg time="2024-04-11T13:00:28.618021" level="INFO">Clicking element 'id=save'.</msg>
<arg>${locator}</arg>
<doc>Click the element identified by ``locator``.</doc>
<status status="PASS" start="2024-04-11T13:00:28.617489" elapsed="0.194299"/>
</kw>
<arg>${salvarNovoButton}</arg>
<status status="PASS" start="2024-04-11T13:00:28.523510" elapsed="0.290255"/>
</kw>
<status status="PASS" start="2024-04-11T13:00:28.522512" elapsed="0.292228"/>
</kw>
<kw name="Então o sistema exibe a mensagem &quot;O campo email é obrigatório&quot;" owner="cadastrarUsuarios_page" source_name="Então o sistema exibe a mensagem &quot;${mensagemErro}&quot;">
<kw name="Validar mensagem" owner="setup_teardown">
<kw name="Wait Until Element Is Visible" owner="SeleniumLibrary">
<arg>${locator}</arg>
<arg>5</arg>
<doc>Waits until the element ``locator`` is visible.</doc>
<status status="PASS" start="2024-04-11T13:00:28.820735" elapsed="0.100601"/>
</kw>
<kw name="Element Text Should Be" owner="SeleniumLibrary">
<msg time="2024-04-11T13:00:28.923336" level="INFO">Verifying element '//p[@class="css-bbipig"]' contains exact text 'O campo email é obrigatório'.</msg>
<arg>${locator}</arg>
<arg>${texto}</arg>
<doc>Verifies that element ``locator`` contains exact the text ``expected``.</doc>
<status status="PASS" start="2024-04-11T13:00:28.921336" elapsed="0.064226"/>
</kw>
<arg>${msgErro}</arg>
<arg>${mensagemErro}</arg>
<status status="PASS" start="2024-04-11T13:00:28.820735" elapsed="0.164827"/>
</kw>
<status status="PASS" start="2024-04-11T13:00:28.819734" elapsed="0.165828"/>
</kw>
<kw name="Fechar navegador" owner="setup_teardown" type="TEARDOWN">
<kw name="Close Browser" owner="SeleniumLibrary">
<doc>Closes the current browser.</doc>
<status status="PASS" start="2024-04-11T13:00:28.988557" elapsed="2.491559"/>
</kw>
<status status="PASS" start="2024-04-11T13:00:28.987558" elapsed="2.492558"/>
</kw>
<status status="PASS" start="2024-04-11T13:00:20.595647" elapsed="10.885466"/>
</test>
<test id="s1-s2-t4" name="CT04 - Cadastrar usuário com perfil de acesso vazio" line="42">
<kw name="Dado que o usuário está logado na QaCoders academy" owner="cadastrarUsuarios_page">
<kw name="Acessar o site e logar" owner="setup_teardown">
<kw name="Dado que o usuário acessa a página de login QaCoders Academy" owner="login_page">
<kw name="Acessar site" owner="setup_teardown">
<kw name="Open Browser" owner="SeleniumLibrary">
<msg time="2024-04-11T13:00:31.486519" level="INFO">Opening browser 'chrome' to base url 'https://automacao.qacoders-academy.com.br/login'.</msg>
<arg>${geral.URL}</arg>
<arg>${geral.Browser}</arg>
<doc>Opens a new browser instance to the optional ``url``.</doc>
<status status="PASS" start="2024-04-11T13:00:31.484519" elapsed="2.286709"/>
</kw>
<kw name="Maximize Browser Window" owner="SeleniumLibrary">
<doc>Maximizes current browser window.</doc>
<status status="PASS" start="2024-04-11T13:00:33.772229" elapsed="0.693868"/>
</kw>
<status status="PASS" start="2024-04-11T13:00:31.484519" elapsed="2.982583"/>
</kw>
<status status="PASS" start="2024-04-11T13:00:31.483518" elapsed="2.984599"/>
</kw>
<kw name="Quando inserir email" owner="login_page">
<kw name="Preencher" owner="setup_teardown">
<kw name="Wait Until Element Is Visible" owner="SeleniumLibrary">
<arg>${locator}</arg>
<arg>5</arg>
<doc>Waits until the element ``locator`` is visible.</doc>
<status status="PASS" start="2024-04-11T13:00:34.472101" elapsed="0.135335"/>
</kw>
<kw name="Input Text" owner="SeleniumLibrary">
<msg time="2024-04-11T13:00:34.611438" level="INFO">Typing text 'sysadmin@qacoders.com' into text field 'id=email'.</msg>
<arg>${locator}</arg>
<arg>${variavel}</arg>
<doc>Types the given ``text`` into the text field identified by ``locator``.</doc>
<status status="PASS" start="2024-04-11T13:00:34.609443" elapsed="0.420014"/>
</kw>
<arg>${emailInput}</arg>
<arg>${email}</arg>
<status status="PASS" start="2024-04-11T13:00:34.470103" elapsed="0.559354"/>
</kw>
<arg>${EMAIl}</arg>
<status status="PASS" start="2024-04-11T13:00:34.469098" elapsed="0.560359"/>
</kw>
<kw name="E inserir senha" owner="login_page">
<kw name="Preencher" owner="setup_teardown">
<kw name="Wait Until Element Is Visible" owner="SeleniumLibrary">
<arg>${locator}</arg>
<arg>5</arg>
<doc>Waits until the element ``locator`` is visible.</doc>
<status status="PASS" start="2024-04-11T13:00:35.032454" elapsed="0.061554"/>
</kw>
<kw name="Input Text" owner="SeleniumLibrary">
<msg time="2024-04-11T13:00:35.096017" level="INFO">Typing text '1234@Test' into text field 'id=password'.</msg>
<arg>${locator}</arg>
<arg>${variavel}</arg>
<doc>Types the given ``text`` into the text field identified by ``locator``.</doc>
<status status="PASS" start="2024-04-11T13:00:35.095023" elapsed="0.197210"/>
</kw>
<arg>${senhaInput}</arg>
<arg>${senha}</arg>
<status status="PASS" start="2024-04-11T13:00:35.031454" elapsed="0.260779"/>
</kw>
<arg>${SENHA}</arg>
<status status="PASS" start="2024-04-11T13:00:35.030456" elapsed="0.262781"/>
</kw>
<kw name="E clicar em entrar" owner="login_page">
<kw name="Clicar" owner="setup_teardown">
<kw name="Wait Until Element Is Visible" owner="SeleniumLibrary">
<arg>${locator}</arg>
<arg>5</arg>
<doc>Waits until the element ``locator`` is visible.</doc>
<status status="PASS" start="2024-04-11T13:00:35.294750" elapsed="0.033548"/>
</kw>
<kw name="Click Element" owner="SeleniumLibrary">
<msg time="2024-04-11T13:00:35.328298" level="INFO">Clicking element 'id=login'.</msg>
<arg>${locator}</arg>
<doc>Click the element identified by ``locator``.</doc>
<status status="PASS" start="2024-04-11T13:00:35.328298" elapsed="0.086020"/>
</kw>
<arg>${entrarButton}</arg>
<status status="PASS" start="2024-04-11T13:00:35.293237" elapsed="0.121081"/>
</kw>
<status status="PASS" start="2024-04-11T13:00:35.293237" elapsed="0.121081"/>
</kw>
<kw name="Então o sistema exibe a tela home do sistema" owner="login_page">
<kw name="Validar mensagem" owner="setup_teardown">
<kw name="Wait Until Element Is Visible" owner="SeleniumLibrary">
<arg>${locator}</arg>
<arg>5</arg>
<doc>Waits until the element ``locator`` is visible.</doc>
<status status="PASS" start="2024-04-11T13:00:35.415316" elapsed="0.679315"/>
</kw>
<kw name="Element Text Should Be" owner="SeleniumLibrary">
<msg time="2024-04-11T13:00:36.094631" level="INFO">Verifying element '//button[@class="css-1nvbq2d"]' contains exact text 'Logout'.</msg>
<arg>${locator}</arg>
<arg>${texto}</arg>
<doc>Verifies that element ``locator`` contains exact the text ``expected``.</doc>
<status status="PASS" start="2024-04-11T13:00:36.094631" elapsed="0.033868"/>
</kw>
<arg>${logoutButton}</arg>
<arg>Logout</arg>
<status status="PASS" start="2024-04-11T13:00:35.415316" elapsed="0.713183"/>
</kw>
<kw name="Validar mensagem" owner="setup_teardown">
<kw name="Wait Until Element Is Visible" owner="SeleniumLibrary">
<arg>${locator}</arg>
<arg>5</arg>
<doc>Waits until the element ``locator`` is visible.</doc>
<status status="PASS" start="2024-04-11T13:00:36.129543" elapsed="0.030221"/>
</kw>
<kw name="Element Text Should Be" owner="SeleniumLibrary">
<msg time="2024-04-11T13:00:36.160767" level="INFO">Verifying element 'id=Cadastros' contains exact text 'Cadastros'.</msg>
<arg>${locator}</arg>
<arg>${texto}</arg>
<doc>Verifies that element ``locator`` contains exact the text ``expected``.</doc>
<status status="PASS" start="2024-04-11T13:00:36.159764" elapsed="0.022621"/>
</kw>
<arg>${cadastroButton}</arg>
<arg>Cadastros</arg>
<status status="PASS" start="2024-04-11T13:00:36.128499" elapsed="0.053886"/>
</kw>
<kw name="Validar URL" owner="setup_teardown">
<kw name="Location Should Be" owner="SeleniumLibrary">
<msg time="2024-04-11T13:00:36.190425" level="INFO">Current location is 'https://automacao.qacoders-academy.com.br/home'.</msg>
<arg>${url}</arg>
<doc>Verifies that the current URL is exactly ``url``.</doc>
<status status="PASS" start="2024-04-11T13:00:36.183381" elapsed="0.007555"/>
</kw>
<arg>${homeURL}</arg>
<status status="PASS" start="2024-04-11T13:00:36.183381" elapsed="0.007555"/>
</kw>
<status status="PASS" start="2024-04-11T13:00:35.414318" elapsed="0.776618"/>
</kw>
<status status="PASS" start="2024-04-11T13:00:31.483518" elapsed="4.707418"/>
</kw>
<status status="PASS" start="2024-04-11T13:00:31.483518" elapsed="4.707418"/>
</kw>
<kw name="Quando acessar a tela de cadastro de usuários" owner="cadastrarUsuarios_page">
<kw name="Clicar" owner="setup_teardown">
<kw name="Wait Until Element Is Visible" owner="SeleniumLibrary">
<arg>${locator}</arg>
<arg>5</arg>
<doc>Waits until the element ``locator`` is visible.</doc>
<status status="PASS" start="2024-04-11T13:00:36.192713" elapsed="0.025293"/>
</kw>
<kw name="Click Element" owner="SeleniumLibrary">
<msg time="2024-04-11T13:00:36.219040" level="INFO">Clicking element 'id=Cadastros'.</msg>
<arg>${locator}</arg>
<doc>Click the element identified by ``locator``.</doc>
<status status="PASS" start="2024-04-11T13:00:36.218006" elapsed="0.067770"/>
</kw>
<arg>${cadastroButton}</arg>
<status status="PASS" start="2024-04-11T13:00:36.191658" elapsed="0.095127"/>
</kw>
<kw name="Clicar" owner="setup_teardown">
<kw name="Wait Until Element Is Visible" owner="SeleniumLibrary">
<arg>${locator}</arg>
<arg>5</arg>
<doc>Waits until the element ``locator`` is visible.</doc>
<status status="PASS" start="2024-04-11T13:00:36.287777" elapsed="0.034435"/>
</kw>
<kw name="Click Element" owner="SeleniumLibrary">
<msg time="2024-04-11T13:00:36.323236" level="INFO">Clicking element '//span[@class='MuiTypography-root MuiTypography-body1 MuiListItemText-primary css-yb0lig'][contains(.,'Usuários')]'.</msg>
<arg>${locator}</arg>
<doc>Click the element identified by ``locator``.</doc>
<status status="PASS" start="2024-04-11T13:00:36.322212" elapsed="0.074016"/>
</kw>
<arg>${usuariosButton}</arg>
<status status="PASS" start="2024-04-11T13:00:36.286785" elapsed="0.109443"/>
</kw>
<kw name="Clicar" owner="setup_teardown">
<kw name="Wait Until Element Is Visible" owner="SeleniumLibrary">
<arg>${locator}</arg>
<arg>5</arg>
<doc>Waits until the element ``locator`` is visible.</doc>
<status status="PASS" start="2024-04-11T13:00:36.397266" elapsed="0.241557"/>
</kw>
<kw name="Click Element" owner="SeleniumLibrary">
<msg time="2024-04-11T13:00:36.639843" level="INFO">Clicking element 'id=Novo Cadastro'.</msg>
<arg>${locator}</arg>
<doc>Click the element identified by ``locator``.</doc>
<status status="PASS" start="2024-04-11T13:00:36.638823" elapsed="0.099394"/>
</kw>
<arg>${novoCadastroButton}</arg>
<status status="PASS" start="2024-04-11T13:00:36.396228" elapsed="0.341989"/>
</kw>
<kw name="Wait Until Page Contains" owner="SeleniumLibrary">
<arg>Novo Cadastro</arg>
<doc>Waits until ``text`` appears on the current page.</doc>
<status status="PASS" start="2024-04-11T13:00:36.739220" elapsed="0.081635"/>
</kw>
<status status="PASS" start="2024-04-11T13:00:36.191658" elapsed="0.629197"/>
</kw>
<kw name="E inserir nome completo" owner="cadastrarUsuarios_page">
<kw name="First Name" owner="FakerLibrary">
<msg time="2024-04-11T13:00:36.823859" level="INFO">${NOME} = João Guilherme</msg>
<var>${NOME}</var>
<status status="PASS" start="2024-04-11T13:00:36.822857" elapsed="0.002036"/>
</kw>
<kw name="Preencher" owner="setup_teardown">
<kw name="Wait Until Element Is Visible" owner="SeleniumLibrary">
<arg>${locator}</arg>
<arg>5</arg>
<doc>Waits until the element ``locator`` is visible.</doc>
<status status="PASS" start="2024-04-11T13:00:36.830871" elapsed="0.168029"/>
</kw>
<kw name="Input Text" owner="SeleniumLibrary">
<msg time="2024-04-11T13:00:36.999918" level="INFO">Typing text 'João Guilherme Silva' into text field 'id=fullName'.</msg>
<arg>${locator}</arg>
<arg>${variavel}</arg>
<doc>Types the given ``text`` into the text field identified by ``locator``.</doc>
<status status="PASS" start="2024-04-11T13:00:36.999918" elapsed="0.384204"/>
</kw>
<arg>${nomeInput}</arg>
<arg>${NOME} Silva</arg>
<status status="PASS" start="2024-04-11T13:00:36.827900" elapsed="0.557243"/>
</kw>
<status status="PASS" start="2024-04-11T13:00:36.821855" elapsed="0.565323"/>
</kw>
<kw name="E inserir e-mail" owner="cadastrarUsuarios_page">
<kw name="User Name" owner="FakerLibrary">
<msg time="2024-04-11T13:00:37.393128" level="INFO">${USERNAME} = dsantos</msg>
<var>${USERNAME}</var>
<status status="PASS" start="2024-04-11T13:00:37.391126" elapsed="0.002002"/>
</kw>
<kw name="Set Variable" owner="BuiltIn">
<msg time="2024-04-11T13:00:37.395123" level="INFO">${EMAIL} = dsantos@qacoders.com</msg>
<var>${EMAIL}</var>
<arg>${USERNAME}@qacoders.com</arg>
<doc>Returns the given values which can then be assigned to a variables.</doc>
<status status="PASS" start="2024-04-11T13:00:37.394136" elapsed="0.000987"/>
</kw>
<kw name="Preencher" owner="setup_teardown">
<kw name="Wait Until Element Is Visible" owner="SeleniumLibrary">
<arg>${locator}</arg>
<arg>5</arg>
<doc>Waits until the element ``locator`` is visible.</doc>
<status status="PASS" start="2024-04-11T13:00:37.399121" elapsed="0.051115"/>
</kw>
<kw name="Input Text" owner="SeleniumLibrary">
<msg time="2024-04-11T13:00:37.451231" level="INFO">Typing text 'dsantos@qacoders.com' into text field '//input[contains(@name,'mail')]'.</msg>
<arg>${locator}</arg>
<arg>${variavel}</arg>
<doc>Types the given ``text`` into the text field identified by ``locator``.</doc>
<status status="PASS" start="2024-04-11T13:00:37.450236" elapsed="0.389799"/>
</kw>
<arg>${mailIInput}</arg>
<arg>${EMAIL}</arg>
<status status="PASS" start="2024-04-11T13:00:37.397126" elapsed="0.442909"/>
</kw>
<status status="PASS" start="2024-04-11T13:00:37.389124" elapsed="0.451918"/>
</kw>
<kw name="E não inserir Perfil de acesso" owner="cadastrarUsuarios_page">
<kw name="Limpar campo" owner="setup_teardown">
<kw name="Wait Until Element Is Visible" owner="SeleniumLibrary">
<arg>${locator}</arg>
<arg>5</arg>
<doc>Waits until the element ``locator`` is visible.</doc>
<status status="PASS" start="2024-04-11T13:00:37.850034" elapsed="0.058635"/>
</kw>
<kw name="Clear Element Text" owner="SeleniumLibrary">
<arg>${locator}</arg>
<doc>Clears the value of the text-input-element identified by ``locator``.</doc>
<status status="PASS" start="2024-04-11T13:00:37.908669" elapsed="0.064103"/>
</kw>
<arg>${perfilAcessoInput}</arg>
<status status="PASS" start="2024-04-11T13:00:37.847052" elapsed="0.125720"/>
</kw>
<status status="PASS" start="2024-04-11T13:00:37.844049" elapsed="0.128723"/>
</kw>
<kw name="E inserir cpf" owner="cadastrarUsuarios_page">
<kw name="Random Number" owner="FakerLibrary">
<msg time="2024-04-11T13:00:37.974735" level="INFO">${CPF} = 56457701381</msg>
<var>${CPF}</var>
<arg>11</arg>
<arg>11</arg>
<doc>Generate a random integer according to the following rules:</doc>
<status status="PASS" start="2024-04-11T13:00:37.974735" elapsed="0.001039"/>
</kw>
<kw name="Preencher" owner="setup_teardown">
<kw name="Wait Until Element Is Visible" owner="SeleniumLibrary">
<arg>${locator}</arg>
<arg>5</arg>
<doc>Waits until the element ``locator`` is visible.</doc>
<status status="PASS" start="2024-04-11T13:00:37.976772" elapsed="0.047828"/>
</kw>
<kw name="Input Text" owner="SeleniumLibrary">
<msg time="2024-04-11T13:00:38.026595" level="INFO">Typing text '56457701381' into text field 'id=cpf'.</msg>
<arg>${locator}</arg>
<arg>${variavel}</arg>
<doc>Types the given ``text`` into the text field identified by ``locator``.</doc>
<status status="PASS" start="2024-04-11T13:00:38.025599" elapsed="0.259634"/>
</kw>
<arg>${cpfInput}</arg>
<arg>${CPF}</arg>
<status status="PASS" start="2024-04-11T13:00:37.975774" elapsed="0.309459"/>
</kw>
<status status="PASS" start="2024-04-11T13:00:37.973774" elapsed="0.311459"/>
</kw>
<kw name="E inserir a senha" owner="cadastrarUsuarios_page">
<kw name="Preencher" owner="setup_teardown">
<kw name="Wait Until Element Is Visible" owner="SeleniumLibrary">
<arg>${locator}</arg>
<arg>5</arg>
<doc>Waits until the element ``locator`` is visible.</doc>
<status status="PASS" start="2024-04-11T13:00:38.298272" elapsed="0.064966"/>
</kw>
<kw name="Input Text" owner="SeleniumLibrary">
<msg time="2024-04-11T13:00:38.366175" level="INFO">Typing text 'Nags1234#' into text field 'id=password'.</msg>
<arg>${locator}</arg>
<arg>${variavel}</arg>
<doc>Types the given ``text`` into the text field identified by ``locator``.</doc>
<status status="PASS" start="2024-04-11T13:00:38.365199" elapsed="0.275968"/>
</kw>
<arg>${senhaInput}</arg>
<arg>${PASSWORD}</arg>
<status status="PASS" start="2024-04-11T13:00:38.293271" elapsed="0.347896"/>
</kw>
<status status="PASS" start="2024-04-11T13:00:38.289246" elapsed="0.352922"/>
</kw>
<kw name="E inserir a senha novamente" owner="cadastrarUsuarios_page">
<kw name="Set Variable" owner="BuiltIn">
<msg time="2024-04-11T13:00:38.650179" level="INFO">${CONFIRM_PASSWORD} = Nags1234#</msg>
<var>${CONFIRM_PASSWORD}</var>
<arg>${PASSWORD}</arg>
<doc>Returns the given values which can then be assigned to a variables.</doc>
<status status="PASS" start="2024-04-11T13:00:38.649183" elapsed="0.000996"/>
</kw>
<kw name="Preencher" owner="setup_teardown">
<kw name="Wait Until Element Is Visible" owner="SeleniumLibrary">
<arg>${locator}</arg>
<arg>5</arg>
<doc>Waits until the element ``locator`` is visible.</doc>
<status status="PASS" start="2024-04-11T13:00:38.652169" elapsed="0.095647"/>
</kw>
<kw name="Input Text" owner="SeleniumLibrary">
<msg time="2024-04-11T13:00:38.748821" level="INFO">Typing text 'Nags1234#' into text field 'id=confirmPassword'.</msg>
<arg>${locator}</arg>
<arg>${variavel}</arg>
<doc>Types the given ``text`` into the text field identified by ``locator``.</doc>
<status status="PASS" start="2024-04-11T13:00:38.748821" elapsed="0.267263"/>
</kw>
<arg>${confirmSenhaInput}</arg>
<arg>${CONFIRM_PASSWORD}</arg>
<status status="PASS" start="2024-04-11T13:00:38.651177" elapsed="0.364907"/>
</kw>
<status status="PASS" start="2024-04-11T13:00:38.645183" elapsed="0.370901"/>
</kw>
<kw name="E clicar em Salvar novo" owner="cadastrarUsuarios_page">
<kw name="Clicar" owner="setup_teardown">
<kw name="Wait Until Element Is Visible" owner="SeleniumLibrary">
<arg>${locator}</arg>
<arg>5</arg>
<doc>Waits until the element ``locator`` is visible.</doc>
<status status="PASS" start="2024-04-11T13:00:39.018079" elapsed="0.069579"/>
</kw>
<kw name="Click Element" owner="SeleniumLibrary">
<msg time="2024-04-11T13:00:39.088698" level="INFO">Clicking element 'id=save'.</msg>
<arg>${locator}</arg>
<doc>Click the element identified by ``locator``.</doc>
<status status="PASS" start="2024-04-11T13:00:39.088698" elapsed="0.125485"/>
</kw>
<arg>${salvarNovoButton}</arg>
<status status="PASS" start="2024-04-11T13:00:39.018079" elapsed="0.197158"/>
</kw>
<status status="PASS" start="2024-04-11T13:00:39.017077" elapsed="0.198160"/>
</kw>
<kw name="Então o sistema exibe a mensagem &quot;O campo perfil de acesso é obrigatório&quot;" owner="cadastrarUsuarios_page" source_name="Então o sistema exibe a mensagem &quot;${mensagemErro}&quot;">
<kw name="Validar mensagem" owner="setup_teardown">
<kw name="Wait Until Element Is Visible" owner="SeleniumLibrary">
<arg>${locator}</arg>
<arg>5</arg>
<doc>Waits until the element ``locator`` is visible.</doc>
<status status="PASS" start="2024-04-11T13:00:39.218205" elapsed="0.067502"/>
</kw>
<kw name="Element Text Should Be" owner="SeleniumLibrary">
<msg time="2024-04-11T13:00:39.286733" level="INFO">Verifying element '//p[@class="css-bbipig"]' contains exact text 'O campo perfil de acesso é obrigatório'.</msg>
<arg>${locator}</arg>
<arg>${texto}</arg>
<doc>Verifies that element ``locator`` contains exact the text ``expected``.</doc>
<status status="PASS" start="2024-04-11T13:00:39.285707" elapsed="0.050594"/>
</kw>
<arg>${msgErro}</arg>
<arg>${mensagemErro}</arg>
<status status="PASS" start="2024-04-11T13:00:39.218205" elapsed="0.118096"/>
</kw>
<status status="PASS" start="2024-04-11T13:00:39.217200" elapsed="0.119101"/>
</kw>
<kw name="Fechar navegador" owner="setup_teardown" type="TEARDOWN">
<kw name="Close Browser" owner="SeleniumLibrary">
<doc>Closes the current browser.</doc>
<status status="PASS" start="2024-04-11T13:00:39.339502" elapsed="2.393686"/>
</kw>
<status status="PASS" start="2024-04-11T13:00:39.337310" elapsed="2.395878"/>
</kw>
<status status="PASS" start="2024-04-11T13:00:31.482522" elapsed="10.251336"/>
</test>
<test id="s1-s2-t5" name="CT05 - Cadastrar usuário com cpf vazio" line="54">
<kw name="Dado que o usuário está logado na QaCoders academy" owner="cadastrarUsuarios_page">
<kw name="Acessar o site e logar" owner="setup_teardown">
<kw name="Dado que o usuário acessa a página de login QaCoders Academy" owner="login_page">
<kw name="Acessar site" owner="setup_teardown">
<kw name="Open Browser" owner="SeleniumLibrary">
<msg time="2024-04-11T13:00:41.738901" level="INFO">Opening browser 'chrome' to base url 'https://automacao.qacoders-academy.com.br/login'.</msg>
<arg>${geral.URL}</arg>
<arg>${geral.Browser}</arg>
<doc>Opens a new browser instance to the optional ``url``.</doc>
[...]
</kw>
<kw name="E inserir senha" owner="login_page">
<kw name="Preencher" owner="setup_teardown">
<kw name="Wait Until Element Is Visible" owner="SeleniumLibrary">
<arg>${locator}</arg>
<arg>5</arg>
<doc>Waits until the element ``locator`` is visible.</doc>
<status status="PASS" start="2024-04-11T13:01:32.685354" elapsed="0.054182"/>
</kw>
<kw name="Input Text" owner="SeleniumLibrary">
<msg time="2024-04-11T13:01:32.740536" level="INFO">Typing text '1234@Test' into text field 'id=password'.</msg>
<arg>${locator}</arg>
<arg>${variavel}</arg>
<doc>Types the given ``text`` into the text field identified by ``locator``.</doc>
<status status="PASS" start="2024-04-11T13:01:32.739536" elapsed="0.210426"/>
</kw>
<arg>${senhaInput}</arg>
<arg>${senha}</arg>
<status status="PASS" start="2024-04-11T13:01:32.684357" elapsed="0.265605"/>
</kw>
<arg>${SENHA}</arg>
<status status="PASS" start="2024-04-11T13:01:32.682349" elapsed="0.267613"/>
</kw>
<kw name="E clicar em entrar" owner="login_page">
<kw name="Clicar" owner="setup_teardown">
<kw name="Wait Until Element Is Visible" owner="SeleniumLibrary">
<arg>${locator}</arg>
<arg>5</arg>
<doc>Waits until the element ``locator`` is visible.</doc>
<status status="PASS" start="2024-04-11T13:01:32.953966" elapsed="0.050100"/>
</kw>
<kw name="Click Element" owner="SeleniumLibrary">
<msg time="2024-04-11T13:01:33.005110" level="INFO">Clicking element 'id=login'.</msg>
<arg>${locator}</arg>
<doc>Click the element identified by ``locator``.</doc>
<status status="PASS" start="2024-04-11T13:01:33.005110" elapsed="0.119080"/>
</kw>
<arg>${entrarButton}</arg>
<status status="PASS" start="2024-04-11T13:01:32.952972" elapsed="0.171218"/>
</kw>
<status status="PASS" start="2024-04-11T13:01:32.951966" elapsed="0.172224"/>
</kw>
<kw name="Então o sistema exibe a tela home do sistema" owner="login_page">
<kw name="Validar mensagem" owner="setup_teardown">
<kw name="Wait Until Element Is Visible" owner="SeleniumLibrary">
<arg>${locator}</arg>
<arg>5</arg>
<doc>Waits until the element ``locator`` is visible.</doc>
<status status="PASS" start="2024-04-11T13:01:33.128196" elapsed="0.695327"/>
</kw>
<kw name="Element Text Should Be" owner="SeleniumLibrary">
<msg time="2024-04-11T13:01:33.824557" level="INFO">Verifying element '//button[@class="css-1nvbq2d"]' contains exact text 'Logout'.</msg>
<arg>${locator}</arg>
<arg>${texto}</arg>
<doc>Verifies that element ``locator`` contains exact the text ``expected``.</doc>
<status status="PASS" start="2024-04-11T13:01:33.823523" elapsed="0.033034"/>
</kw>
<arg>${logoutButton}</arg>
<arg>Logout</arg>
<status status="PASS" start="2024-04-11T13:01:33.127192" elapsed="0.729365"/>
</kw>
<kw name="Validar mensagem" owner="setup_teardown">
<kw name="Wait Until Element Is Visible" owner="SeleniumLibrary">
<arg>${locator}</arg>
<arg>5</arg>
<doc>Waits until the element ``locator`` is visible.</doc>
<status status="PASS" start="2024-04-11T13:01:33.857559" elapsed="0.035133"/>
</kw>
<kw name="Element Text Should Be" owner="SeleniumLibrary">
<msg time="2024-04-11T13:01:33.893682" level="INFO">Verifying element 'id=Cadastros' contains exact text 'Cadastros'.</msg>
<arg>${locator}</arg>
<arg>${texto}</arg>
<doc>Verifies that element ``locator`` contains exact the text ``expected``.</doc>
<status status="PASS" start="2024-04-11T13:01:33.893682" elapsed="0.025990"/>
</kw>
<arg>${cadastroButton}</arg>
<arg>Cadastros</arg>
<status status="PASS" start="2024-04-11T13:01:33.856557" elapsed="0.064147"/>
</kw>
<kw name="Validar URL" owner="setup_teardown">
<kw name="Location Should Be" owner="SeleniumLibrary">
<msg time="2024-04-11T13:01:33.929667" level="INFO">Current location is 'https://automacao.qacoders-academy.com.br/home'.</msg>
<arg>${url}</arg>
<doc>Verifies that the current URL is exactly ``url``.</doc>
<status status="PASS" start="2024-04-11T13:01:33.921704" elapsed="0.007963"/>
</kw>
<arg>${homeURL}</arg>
<status status="PASS" start="2024-04-11T13:01:33.920704" elapsed="0.008963"/>
</kw>
<status status="PASS" start="2024-04-11T13:01:33.126198" elapsed="0.803469"/>
</kw>
<kw name="Fechar navegador" owner="setup_teardown" type="TEARDOWN">
<kw name="Close Browser" owner="SeleniumLibrary">
<doc>Closes the current browser.</doc>
<status status="PASS" start="2024-04-11T13:01:33.931666" elapsed="2.258756"/>
</kw>
<status status="PASS" start="2024-04-11T13:01:33.930666" elapsed="2.259756"/>
</kw>
<status status="PASS" start="2024-04-11T13:01:28.718828" elapsed="7.472403"/>
</test>
<test id="s1-s4-t2" name="CT04 - Login com email em branco" line="27">
<kw name="Dado que o usuário acessa a página de login QaCoders Academy" owner="login_page">
<kw name="Acessar site" owner="setup_teardown">
<kw name="Open Browser" owner="SeleniumLibrary">
<msg time="2024-04-11T13:01:36.197248" level="INFO">Opening browser 'chrome' to base url 'https://automacao.qacoders-academy.com.br/login'.</msg>
<arg>${geral.URL}</arg>
<arg>${geral.Browser}</arg>
<doc>Opens a new browser instance to the optional ``url``.</doc>
<status status="PASS" start="2024-04-11T13:01:36.195250" elapsed="2.954924"/>
</kw>
<kw name="Maximize Browser Window" owner="SeleniumLibrary">
<doc>Maximizes current browser window.</doc>
<status status="PASS" start="2024-04-11T13:01:39.151211" elapsed="0.145725"/>
</kw>
<status status="PASS" start="2024-04-11T13:01:36.194249" elapsed="3.103739"/>
</kw>
<status status="PASS" start="2024-04-11T13:01:36.194249" elapsed="3.103739"/>
</kw>
<kw name="Quando não preencher email" owner="login_page">
<kw name="Limpar campo" owner="setup_teardown">
<kw name="Wait Until Element Is Visible" owner="SeleniumLibrary">
<arg>${locator}</arg>
<arg>5</arg>
<doc>Waits until the element ``locator`` is visible.</doc>
<status status="PASS" start="2024-04-11T13:01:39.303398" elapsed="0.108490"/>
</kw>
<kw name="Clear Element Text" owner="SeleniumLibrary">
<arg>${locator}</arg>
<doc>Clears the value of the text-input-element identified by ``locator``.</doc>
<status status="PASS" start="2024-04-11T13:01:39.412923" elapsed="0.122250"/>
</kw>
<arg>${emailInput}</arg>
<status status="PASS" start="2024-04-11T13:01:39.301403" elapsed="0.233770"/>
</kw>
<status status="PASS" start="2024-04-11T13:01:39.298944" elapsed="0.236229"/>
</kw>
<kw name="E inserir senha" owner="login_page">
<kw name="Preencher" owner="setup_teardown">
<kw name="Wait Until Element Is Visible" owner="SeleniumLibrary">
<arg>${locator}</arg>
<arg>5</arg>
<doc>Waits until the element ``locator`` is visible.</doc>
<status status="PASS" start="2024-04-11T13:01:39.538225" elapsed="0.058834"/>
</kw>
<kw name="Input Text" owner="SeleniumLibrary">
<msg time="2024-04-11T13:01:39.598130" level="INFO">Typing text '1234@Test' into text field 'id=password'.</msg>
<arg>${locator}</arg>
<arg>${variavel}</arg>
<doc>Types the given ``text`` into the text field identified by ``locator``.</doc>
<status status="PASS" start="2024-04-11T13:01:39.598130" elapsed="0.271794"/>
</kw>
<arg>${senhaInput}</arg>
<arg>${senha}</arg>
<status status="PASS" start="2024-04-11T13:01:39.537226" elapsed="0.332698"/>
</kw>
<arg>${SENHA}</arg>
<status status="PASS" start="2024-04-11T13:01:39.536196" elapsed="0.333728"/>
</kw>
<kw name="E clicar em entrar" owner="login_page">
<kw name="Clicar" owner="setup_teardown">
<kw name="Wait Until Element Is Visible" owner="SeleniumLibrary">
<arg>${locator}</arg>
<arg>5</arg>
<doc>Waits until the element ``locator`` is visible.</doc>
<status status="PASS" start="2024-04-11T13:01:39.871918" elapsed="0.046803"/>
</kw>
<kw name="Click Element" owner="SeleniumLibrary">
<msg time="2024-04-11T13:01:39.919722" level="INFO">Clicking element 'id=login'.</msg>
<arg>${locator}</arg>
<doc>Click the element identified by ``locator``.</doc>
<status status="PASS" start="2024-04-11T13:01:39.918721" elapsed="0.145824"/>
</kw>
<arg>${entrarButton}</arg>
<status status="PASS" start="2024-04-11T13:01:39.870922" elapsed="0.193623"/>
</kw>
<status status="PASS" start="2024-04-11T13:01:39.870922" elapsed="0.194619"/>
</kw>
<kw name="Então o sistema exibe a mensagem de campo obrigatório &quot;O email é obrigatório&quot;" owner="login_page" source_name="Então o sistema exibe a mensagem de campo obrigatório &quot;${msgEsperada}&quot;">
<kw name="Validar mensagem" owner="setup_teardown">
<kw name="Wait Until Element Is Visible" owner="SeleniumLibrary">
<arg>${locator}</arg>
<arg>5</arg>
<doc>Waits until the element ``locator`` is visible.</doc>
<status status="PASS" start="2024-04-11T13:01:40.067535" elapsed="0.040623"/>
</kw>
<kw name="Element Text Should Be" owner="SeleniumLibrary">
<msg time="2024-04-11T13:01:40.109188" level="INFO">Verifying element '//p[@class="css-18xtib3"]' contains exact text 'O email é obrigatório'.</msg>
<arg>${locator}</arg>
<arg>${texto}</arg>
<doc>Verifies that element ``locator`` contains exact the text ``expected``.</doc>
<status status="PASS" start="2024-04-11T13:01:40.109188" elapsed="0.042960"/>
</kw>
<arg>${msgRequired}</arg>
<arg>${msgEsperada}</arg>
<status status="PASS" start="2024-04-11T13:01:40.066548" elapsed="0.086607"/>
</kw>
<status status="PASS" start="2024-04-11T13:01:40.066548" elapsed="0.086607"/>
</kw>
<kw name="Fechar navegador" owner="setup_teardown" type="TEARDOWN">
<kw name="Close Browser" owner="SeleniumLibrary">
<doc>Closes the current browser.</doc>
<status status="PASS" start="2024-04-11T13:01:40.155154" elapsed="2.244814"/>
</kw>
<status status="PASS" start="2024-04-11T13:01:40.154159" elapsed="2.245809"/>
</kw>
<status status="PASS" start="2024-04-11T13:01:36.193251" elapsed="6.207691"/>
</test>
<test id="s1-s4-t3" name="CT05 - Login com senha em branco" line="34">
<kw name="Dado que o usuário acessa a página de login QaCoders Academy" owner="login_page">
<kw name="Acessar site" owner="setup_teardown">
<kw name="Open Browser" owner="SeleniumLibrary">
<msg time="2024-04-11T13:01:42.404957" level="INFO">Opening browser 'chrome' to base url 'https://automacao.qacoders-academy.com.br/login'.</msg>
<arg>${geral.URL}</arg>
<arg>${geral.Browser}</arg>
<doc>Opens a new browser instance to the optional ``url``.</doc>
<status status="PASS" start="2024-04-11T13:01:42.403958" elapsed="2.699981"/>
</kw>
<kw name="Maximize Browser Window" owner="SeleniumLibrary">
<doc>Maximizes current browser window.</doc>
<status status="PASS" start="2024-04-11T13:01:45.103939" elapsed="0.126816"/>
</kw>
<status status="PASS" start="2024-04-11T13:01:42.402998" elapsed="2.827757"/>
</kw>
<status status="PASS" start="2024-04-11T13:01:42.402998" elapsed="2.827757"/>
</kw>
<kw name="Quando inserir email" owner="login_page">
<kw name="Preencher" owner="setup_teardown">
<kw name="Wait Until Element Is Visible" owner="SeleniumLibrary">
<arg>${locator}</arg>
<arg>5</arg>
<doc>Waits until the element ``locator`` is visible.</doc>
<status status="PASS" start="2024-04-11T13:01:45.232757" elapsed="0.051974"/>
</kw>
<kw name="Input Text" owner="SeleniumLibrary">
<msg time="2024-04-11T13:01:45.286797" level="INFO">Typing text 'sysadmin@qacoders.com' into text field 'id=email'.</msg>
<arg>${locator}</arg>
<arg>${variavel}</arg>
<doc>Types the given ``text`` into the text field identified by ``locator``.</doc>
<status status="PASS" start="2024-04-11T13:01:45.285731" elapsed="0.335586"/>
</kw>
<arg>${emailInput}</arg>
<arg>${email}</arg>
<status status="PASS" start="2024-04-11T13:01:45.231755" elapsed="0.389562"/>
</kw>
<arg>${EMAIL}</arg>
<status status="PASS" start="2024-04-11T13:01:45.230755" elapsed="0.390562"/>
</kw>
<kw name="E não preencher senha" owner="login_page">
<kw name="Limpar campo" owner="setup_teardown">
<kw name="Wait Until Element Is Visible" owner="SeleniumLibrary">
<arg>${locator}</arg>
<arg>5</arg>
<doc>Waits until the element ``locator`` is visible.</doc>
<status status="PASS" start="2024-04-11T13:01:45.623314" elapsed="0.039593"/>
</kw>
<kw name="Clear Element Text" owner="SeleniumLibrary">
<arg>${locator}</arg>
<doc>Clears the value of the text-input-element identified by ``locator``.</doc>
<status status="PASS" start="2024-04-11T13:01:45.662907" elapsed="0.056173"/>
</kw>
<arg>${senhaInput}</arg>
<status status="PASS" start="2024-04-11T13:01:45.622316" elapsed="0.097762"/>
</kw>
<status status="PASS" start="2024-04-11T13:01:45.622316" elapsed="0.097762"/>
</kw>
<kw name="E clicar em entrar" owner="login_page">
<kw name="Clicar" owner="setup_teardown">
<kw name="Wait Until Element Is Visible" owner="SeleniumLibrary">
<arg>${locator}</arg>
<arg>5</arg>
<doc>Waits until the element ``locator`` is visible.</doc>
<status status="PASS" start="2024-04-11T13:01:45.721077" elapsed="0.033615"/>
</kw>
<kw name="Click Element" owner="SeleniumLibrary">
<msg time="2024-04-11T13:01:45.755696" level="INFO">Clicking element 'id=login'.</msg>
<arg>${locator}</arg>
<doc>Click the element identified by ``locator``.</doc>
<status status="PASS" start="2024-04-11T13:01:45.755696" elapsed="0.085070"/>
</kw>
<arg>${entrarButton}</arg>
<status status="PASS" start="2024-04-11T13:01:45.721077" elapsed="0.119689"/>
</kw>
<status status="PASS" start="2024-04-11T13:01:45.720078" elapsed="0.121683"/>
</kw>
<kw name="Então o sistema exibe a mensagem de campo obrigatório &quot;A senha é obrigatória&quot;" owner="login_page" source_name="Então o sistema exibe a mensagem de campo obrigatório &quot;${msgEsperada}&quot;">
<kw name="Validar mensagem" owner="setup_teardown">
<kw name="Wait Until Element Is Visible" owner="SeleniumLibrary">
<arg>${locator}</arg>
<arg>5</arg>
<doc>Waits until the element ``locator`` is visible.</doc>
<status status="PASS" start="2024-04-11T13:01:45.843760" elapsed="0.041009"/>
</kw>
<kw name="Element Text Should Be" owner="SeleniumLibrary">
<msg time="2024-04-11T13:01:45.885776" level="INFO">Verifying element '//p[@class="css-18xtib3"]' contains exact text 'A senha é obrigatória'.</msg>
<arg>${locator}</arg>
<arg>${texto}</arg>
<doc>Verifies that element ``locator`` contains exact the text ``expected``.</doc>
<status status="PASS" start="2024-04-11T13:01:45.885776" elapsed="0.040513"/>
</kw>
<arg>${msgRequired}</arg>
<arg>${msgEsperada}</arg>
<status status="PASS" start="2024-04-11T13:01:45.842759" elapsed="0.083530"/>
</kw>
<status status="PASS" start="2024-04-11T13:01:45.842759" elapsed="0.083530"/>
</kw>
<kw name="Fechar navegador" owner="setup_teardown" type="TEARDOWN">
<kw name="Close Browser" owner="SeleniumLibrary">
<doc>Closes the current browser.</doc>
<status status="PASS" start="2024-04-11T13:01:45.928292" elapsed="2.280858"/>
</kw>
<status status="PASS" start="2024-04-11T13:01:45.927291" elapsed="2.281859"/>
</kw>
<status status="PASS" start="2024-04-11T13:01:42.401959" elapsed="5.808221"/>
</test>
<test id="s1-s4-t4" name="CT06 - Login com todos os campos em branco" line="41">
<kw name="Dado que o usuário acessa a página de login QaCoders Academy" owner="login_page">
<kw name="Acessar site" owner="setup_teardown">
<kw name="Open Browser" owner="SeleniumLibrary">
<msg time="2024-04-11T13:01:48.214613" level="INFO">Opening browser 'chrome' to base url 'https://automacao.qacoders-academy.com.br/login'.</msg>
<arg>${geral.URL}</arg>
<arg>${geral.Browser}</arg>
<doc>Opens a new browser instance to the optional ``url``.</doc>
<status status="PASS" start="2024-04-11T13:01:48.212035" elapsed="2.571878"/>
</kw>
<kw name="Maximize Browser Window" owner="SeleniumLibrary">
<doc>Maximizes current browser window.</doc>
<status status="PASS" start="2024-04-11T13:01:50.784960" elapsed="0.132403"/>
</kw>
<status status="PASS" start="2024-04-11T13:01:48.212035" elapsed="2.705328"/>
</kw>
<status status="PASS" start="2024-04-11T13:01:48.212035" elapsed="2.705328"/>
</kw>
<kw name="Quando não preencher email" owner="login_page">
<kw name="Limpar campo" owner="setup_teardown">
<kw name="Wait Until Element Is Visible" owner="SeleniumLibrary">
<arg>${locator}</arg>
<arg>5</arg>
<doc>Waits until the element ``locator`` is visible.</doc>
<status status="PASS" start="2024-04-11T13:01:50.919363" elapsed="0.074319"/>
</kw>
<kw name="Clear Element Text" owner="SeleniumLibrary">
<arg>${locator}</arg>
<doc>Clears the value of the text-input-element identified by ``locator``.</doc>
<status status="PASS" start="2024-04-11T13:01:50.994705" elapsed="0.147273"/>
</kw>
<arg>${emailInput}</arg>
<status status="PASS" start="2024-04-11T13:01:50.919363" elapsed="0.222615"/>
</kw>
<status status="PASS" start="2024-04-11T13:01:50.918323" elapsed="0.223655"/>
</kw>
<kw name="E não preencher senha" owner="login_page">
<kw name="Limpar campo" owner="setup_teardown">
<kw name="Wait Until Element Is Visible" owner="SeleniumLibrary">
<arg>${locator}</arg>
<arg>5</arg>
<doc>Waits until the element ``locator`` is visible.</doc>
<status status="PASS" start="2024-04-11T13:01:51.145002" elapsed="0.050510"/>
</kw>
<kw name="Clear Element Text" owner="SeleniumLibrary">
<arg>${locator}</arg>
<doc>Clears the value of the text-input-element identified by ``locator``.</doc>
<status status="PASS" start="2024-04-11T13:01:51.196557" elapsed="0.073218"/>
</kw>
<arg>${senhaInput}</arg>
<status status="PASS" start="2024-04-11T13:01:51.144002" elapsed="0.126811"/>
</kw>
<status status="PASS" start="2024-04-11T13:01:51.143003" elapsed="0.127810"/>
</kw>
<kw name="E clicar em entrar" owner="login_page">
<kw name="Clicar" owner="setup_teardown">
<kw name="Wait Until Element Is Visible" owner="SeleniumLibrary">
<arg>${locator}</arg>
<arg>5</arg>
<doc>Waits until the element ``locator`` is visible.</doc>
<status status="PASS" start="2024-04-11T13:01:51.272812" elapsed="0.043554"/>
</kw>
<kw name="Click Element" owner="SeleniumLibrary">
<msg time="2024-04-11T13:01:51.317363" level="INFO">Clicking element 'id=login'.</msg>
<arg>${locator}</arg>
<doc>Click the element identified by ``locator``.</doc>
<status status="PASS" start="2024-04-11T13:01:51.317363" elapsed="0.114973"/>
</kw>
<arg>${entrarButton}</arg>
<status status="PASS" start="2024-04-11T13:01:51.272812" elapsed="0.159524"/>
</kw>
<status status="PASS" start="2024-04-11T13:01:51.271775" elapsed="0.160561"/>
</kw>
<kw name="Então o sistema exibe as mensagens" owner="login_page">
<kw name="Should Be Equal" owner="BuiltIn">
<arg>${alerta1}</arg>
<arg>O email é obrigatório</arg>
<doc>Fails if the given objects are unequal.</doc>
<status status="PASS" start="2024-04-11T13:01:51.434378" elapsed="0.000000"/>
</kw>
<kw name="Should Be Equal" owner="BuiltIn">
<arg>${alerta2}</arg>
<arg>A senha é obrigatória</arg>
<doc>Fails if the given objects are unequal.</doc>
<status status="PASS" start="2024-04-11T13:01:51.434378" elapsed="0.000998"/>
</kw>
<arg>O email é obrigatório</arg>
<arg>A senha é obrigatória</arg>
<status status="PASS" start="2024-04-11T13:01:51.433342" elapsed="0.002034"/>
</kw>
<kw name="Fechar navegador" owner="setup_teardown" type="TEARDOWN">
<kw name="Close Browser" owner="SeleniumLibrary">
<doc>Closes the current browser.</doc>
<status status="PASS" start="2024-04-11T13:01:51.437447" elapsed="2.281960"/>
</kw>
<status status="PASS" start="2024-04-11T13:01:51.436392" elapsed="2.283015"/>
</kw>
<status status="PASS" start="2024-04-11T13:01:48.211021" elapsed="5.509351"/>
</test>
<status status="PASS" start="2024-04-11T13:01:28.697307" elapsed="25.024068"/>
</suite>
<status status="PASS" start="2024-04-11T12:59:49.900967" elapsed="123.822408"/>
</suite>
<statistics>
<total>
<stat pass="14" fail="0" skip="0">All Tests</stat>
</total>
<tag>
<stat pass="1" fail="0" skip="0">editar</stat>
</tag>
<suite>
<stat pass="14" fail="0" skip="0" id="s1" name="Tests">Tests</stat>
<stat pass="1" fail="0" skip="0" id="s1-s1" name="cadastrarDiretoria">Tests.cadastrarDiretoria</stat>
<stat pass="8" fail="0" skip="0" id="s1-s2" name="cadastroUsuario">Tests.cadastroUsuario</stat>
<stat pass="1" fail="0" skip="0" id="s1-s3" name="editarDiretoria">Tests.editarDiretoria</stat>
<stat pass="4" fail="0" skip="0" id="s1-s4" name="Login">Tests.Login</stat>
</suite>
</statistics>
<errors>
</errors>
</robot>
